[SAMORADlogger] [02 dic 2014 - 04:28:09] DEBUG - START-ServiceMap:insertLineFileToDb 
[SAMORADlogger] [02 dic 2014 - 04:28:09] DEBUG - ED: 0.035133668649909806 
[SAMORADlogger] [02 dic 2014 - 04:28:09] DEBUG - END-ServiceMap:insertLineFileToDb 
[SAMORADlogger] [02 dic 2014 - 04:28:09] DEBUG - START-FileVoloController:enableButtonAnnulla 
[SAMORADlogger] [02 dic 2014 - 04:28:09] DEBUG - END-FileVoloController:enableButtonAnnulla 
[SAMORADlogger] [02 dic 2014 - 04:28:09] DEBUG - START-ServiceMap:insertLineFileToDb 
[SAMORADlogger] [02 dic 2014 - 04:28:09] DEBUG - ED: 0.03375618855637517 
[SAMORADlogger] [02 dic 2014 - 04:28:09] DEBUG - END-ServiceMap:insertLineFileToDb 
[SAMORADlogger] [02 dic 2014 - 04:28:09] DEBUG - START-ServiceMap:insertLineFileToDb 
[SAMORADlogger] [02 dic 2014 - 04:28:09] DEBUG - ED: 0.038094453333372004 
[SAMORADlogger] [02 dic 2014 - 04:28:09] DEBUG - END-ServiceMap:insertLineFileToDb 
[SAMORADlogger] [02 dic 2014 - 04:28:09] DEBUG - START-ServiceMap:insertLineFileToDb 
[SAMORADlogger] [02 dic 2014 - 04:28:09] DEBUG - ED: 0.041134400392483055 
[SAMORADlogger] [02 dic 2014 - 04:28:09] DEBUG - END-ServiceMap:insertLineFileToDb 
[SAMORADlogger] [02 dic 2014 - 04:28:09] DEBUG - START-ServiceMap:insertLineFileToDb 
[SAMORADlogger] [02 dic 2014 - 04:28:09] DEBUG - ED: 0.04205271858606344 
[SAMORADlogger] [02 dic 2014 - 04:28:09] DEBUG - END-ServiceMap:insertLineFileToDb 
[SAMORADlogger] [02 dic 2014 - 04:28:09] DEBUG - START-ServiceMap:insertLineFileToDb 
[SAMORADlogger] [02 dic 2014 - 04:28:09] DEBUG - ED: 0.043287699728229274 
[SAMORADlogger] [02 dic 2014 - 04:28:09] DEBUG - END-ServiceMap:insertLineFileToDb 
[SAMORADlogger] [02 dic 2014 - 04:28:09] DEBUG - START-ServiceMap:insertLineFileToDb 
[SAMORADlogger] [02 dic 2014 - 04:28:09] DEBUG - ED: 0.04042191917581184 
[SAMORADlogger] [02 dic 2014 - 04:28:09] DEBUG - END-ServiceMap:insertLineFileToDb 
[SAMORADlogger] [02 dic 2014 - 04:28:09] DEBUG - START-ServiceMap:insertLineFileToDb 
[SAMORADlogger] [02 dic 2014 - 04:28:09] DEBUG - ED: 0.03926610260302347 
[SAMORADlogger] [02 dic 2014 - 04:28:09] DEBUG - END-ServiceMap:insertLineFileToDb 
[SAMORADlogger] [02 dic 2014 - 04:28:09] DEBUG - START-ServiceMap:insertLineFileToDb 
[SAMORADlogger] [02 dic 2014 - 04:28:09] DEBUG - ED: 0.03725529974831806 
[SAMORADlogger] [02 dic 2014 - 04:28:09] DEBUG - END-ServiceMap:insertLineFileToDb 
[SAMORADlogger] [02 dic 2014 - 04:28:09] DEBUG - START-ServiceMap:insertLineFileToDb 
[SAMORADlogger] [02 dic 2014 - 04:28:09] DEBUG - ED: 0.03799945548678319 
[SAMORADlogger] [02 dic 2014 - 04:28:09] DEBUG - END-ServiceMap:insertLineFileToDb 
[SAMORADlogger] [02 dic 2014 - 04:28:09] DEBUG - START-ServiceMap:insertLineFileToDb 
[SAMORADlogger] [02 dic 2014 - 04:28:09] DEBUG - ED: 0.03643197750194085 
[SAMORADlogger] [02 dic 2014 - 04:28:09] DEBUG - END-ServiceMap:insertLineFileToDb 
[SAMORADlogger] [02 dic 2014 - 04:28:09] DEBUG - START-ServiceMap:insertLineFileToDb 
[SAMORADlogger] [02 dic 2014 - 04:28:09] DEBUG - ED: 0.035181161214974596 
[SAMORADlogger] [02 dic 2014 - 04:28:09] DEBUG - END-ServiceMap:insertLineFileToDb 
[SAMORADlogger] [02 dic 2014 - 04:28:09] DEBUG - START-ServiceMap:insertLineFileToDb 
[SAMORADlogger] [02 dic 2014 - 04:28:09] DEBUG - ED: 0.03613114720474834 
[SAMORADlogger] [02 dic 2014 - 04:28:09] DEBUG - END-ServiceMap:insertLineFileToDb 
[SAMORADlogger] [02 dic 2014 - 04:28:09] DEBUG - START-ServiceMap:insertLineFileToDb 
[SAMORADlogger] [02 dic 2014 - 04:28:09] DEBUG - ED: 0.03285369616141593 
[SAMORADlogger] [02 dic 2014 - 04:28:09] DEBUG - END-ServiceMap:insertLineFileToDb 
[SAMORADlogger] [02 dic 2014 - 04:28:09] DEBUG - START-ServiceMap:insertLineFileToDb 
[SAMORADlogger] [02 dic 2014 - 04:28:09] DEBUG - ED: 0.03304369528765603 
[SAMORADlogger] [02 dic 2014 - 04:28:09] DEBUG - END-ServiceMap:insertLineFileToDb 
[SAMORADlogger] [02 dic 2014 - 04:28:09] DEBUG - START-ServiceMap:insertLineFileToDb 
[SAMORADlogger] [02 dic 2014 - 04:28:09] DEBUG - ED: 0.03442117345403259 
[SAMORADlogger] [02 dic 2014 - 04:28:09] DEBUG - END-ServiceMap:insertLineFileToDb 
[SAMORADlogger] [02 dic 2014 - 04:28:09] DEBUG - START-ServiceMap:insertLineFileToDb 
[SAMORADlogger] [02 dic 2014 - 04:28:09] DEBUG - ED: 0.0306053988373386 
[SAMORADlogger] [02 dic 2014 - 04:28:09] DEBUG - END-ServiceMap:insertLineFileToDb 
[SAMORADlogger] [02 dic 2014 - 04:28:09] DEBUG - START-ServiceMap:insertLineFileToDb 
[SAMORADlogger] [02 dic 2014 - 04:28:09] DEBUG - ED: 0.034025347106912796 
[SAMORADlogger] [02 dic 2014 - 04:28:09] DEBUG - END-ServiceMap:insertLineFileToDb 
[SAMORADlogger] [02 dic 2014 - 04:28:09] DEBUG - START-ServiceMap:insertLineFileToDb 
[SAMORADlogger] [02 dic 2014 - 04:28:09] DEBUG - ED: 0.039487759457095276 
[SAMORADlogger] [02 dic 2014 - 04:28:09] DEBUG - END-ServiceMap:insertLineFileToDb 
[SAMORADlogger] [02 dic 2014 - 04:28:09] DEBUG - START-ServiceMap:insertLineFileToDb 
[SAMORADlogger] [02 dic 2014 - 04:28:09] DEBUG - ED: 0.0380311123803734 
[SAMORADlogger] [02 dic 2014 - 04:28:09] DEBUG - END-ServiceMap:insertLineFileToDb 
[SAMORADlogger] [02 dic 2014 - 04:28:09] DEBUG - START-ServiceMap:insertLineFileToDb 
[SAMORADlogger] [02 dic 2014 - 04:28:09] DEBUG - ED: 0.03888610056914329 
[SAMORADlogger] [02 dic 2014 - 04:28:09] DEBUG - END-ServiceMap:insertLineFileToDb 
[SAMORADlogger] [02 dic 2014 - 04:28:09] DEBUG - START-ServiceMap:insertLineFileToDb 
[SAMORADlogger] [02 dic 2014 - 04:28:09] DEBUG - ED: 0.03557698809681976 
[SAMORADlogger] [02 dic 2014 - 04:28:09] DEBUG - END-ServiceMap:insertLineFileToDb 
[SAMORADlogger] [02 dic 2014 - 04:28:09] DEBUG - START-ServiceMap:insertLineFileToDb 
[SAMORADlogger] [02 dic 2014 - 04:28:09] DEBUG - ED: 0.035196995434694046 
[SAMORADlogger] [02 dic 2014 - 04:28:09] DEBUG - END-ServiceMap:insertLineFileToDb 
[SAMORADlogger] [02 dic 2014 - 04:28:09] DEBUG - START-ServiceMap:insertLineFileToDb 
[SAMORADlogger] [02 dic 2014 - 04:28:09] DEBUG - ED: 0.037999450304953185 
[SAMORADlogger] [02 dic 2014 - 04:28:09] DEBUG - END-ServiceMap:insertLineFileToDb 
[SAMORADlogger] [02 dic 2014 - 04:28:09] DEBUG - START-ServiceMap:insertLineFileToDb 
[SAMORADlogger] [02 dic 2014 - 04:28:09] DEBUG - ED: 0.038711936738461454 
[SAMORADlogger] [02 dic 2014 - 04:28:09] DEBUG - END-ServiceMap:insertLineFileToDb 
[SAMORADlogger] [02 dic 2014 - 04:28:09] DEBUG - START-ServiceMap:insertLineFileToDb 
[SAMORADlogger] [02 dic 2014 - 04:28:09] DEBUG - ED: 0.039551089143826434 
[SAMORADlogger] [02 dic 2014 - 04:28:09] DEBUG - END-ServiceMap:insertLineFileToDb 
[SAMORADlogger] [02 dic 2014 - 04:28:10] DEBUG - START-ServiceMap:insertLineFileToDb 
[SAMORADlogger] [02 dic 2014 - 04:28:10] DEBUG - ED: 0.036542801689841545 
[SAMORADlogger] [02 dic 2014 - 04:28:10] DEBUG - END-ServiceMap:insertLineFileToDb 
[SAMORADlogger] [02 dic 2014 - 04:28:10] DEBUG - START-ServiceMap:insertLineFileToDb 
[SAMORADlogger] [02 dic 2014 - 04:28:10] DEBUG - ED: 0.03564031442146192 
[SAMORADlogger] [02 dic 2014 - 04:28:10] DEBUG - END-ServiceMap:insertLineFileToDb 
[SAMORADlogger] [02 dic 2014 - 04:28:10] DEBUG - START-ServiceMap:insertLineFileToDb 
[SAMORADlogger] [02 dic 2014 - 04:28:10] DEBUG - ED: 0.03324951871994404 
[SAMORADlogger] [02 dic 2014 - 04:28:10] DEBUG - END-ServiceMap:insertLineFileToDb 
[SAMORADlogger] [02 dic 2014 - 04:28:10] DEBUG - START-ServiceMap:insertLineFileToDb 
[SAMORADlogger] [02 dic 2014 - 04:28:10] DEBUG - ED: 0.029718740967150475 
[SAMORADlogger] [02 dic 2014 - 04:28:10] DEBUG - END-ServiceMap:insertLineFileToDb 
[SAMORADlogger] [02 dic 2014 - 04:28:10] DEBUG - START-ServiceMap:insertLineFileToDb 
[SAMORADlogger] [02 dic 2014 - 04:28:10] DEBUG - ED: 0.03218870626914293 
[SAMORADlogger] [02 dic 2014 - 04:28:10] DEBUG - END-ServiceMap:insertLineFileToDb 
[SAMORADlogger] [02 dic 2014 - 04:28:10] DEBUG - START-ServiceMap:insertLineFileToDb 
[SAMORADlogger] [02 dic 2014 - 04:28:10] DEBUG - ED: 0.03402534407896264 
[SAMORADlogger] [02 dic 2014 - 04:28:10] DEBUG - END-ServiceMap:insertLineFileToDb 
[SAMORADlogger] [02 dic 2014 - 04:28:10] DEBUG - START-ServiceMap:insertLineFileToDb 
[SAMORADlogger] [02 dic 2014 - 04:28:10] DEBUG - ED: 0.036178644649910795 
[SAMORADlogger] [02 dic 2014 - 04:28:10] DEBUG - END-ServiceMap:insertLineFileToDb 
[SAMORADlogger] [02 dic 2014 - 04:28:10] DEBUG - START-ServiceMap:insertLineFileToDb 
[SAMORADlogger] [02 dic 2014 - 04:28:10] DEBUG - ED: 0.03736612624026646 
[SAMORADlogger] [02 dic 2014 - 04:28:10] DEBUG - END-ServiceMap:insertLineFileToDb 
[SAMORADlogger] [02 dic 2014 - 04:28:10] DEBUG - START-ServiceMap:insertLineFileToDb 
[SAMORADlogger] [02 dic 2014 - 04:28:10] DEBUG - ED: 0.03543448774315116 
[SAMORADlogger] [02 dic 2014 - 04:28:10] DEBUG - END-ServiceMap:insertLineFileToDb 
[SAMORADlogger] [02 dic 2014 - 04:28:10] DEBUG - START-ServiceMap:insertLineFileToDb 
[SAMORADlogger] [02 dic 2014 - 04:28:10] DEBUG - ED: 0.03396201079748587 
[SAMORADlogger] [02 dic 2014 - 04:28:10] DEBUG - END-ServiceMap:insertLineFileToDb 
[SAMORADlogger] [02 dic 2014 - 04:28:10] DEBUG - START-ServiceMap:insertLineFileToDb 
[SAMORADlogger] [02 dic 2014 - 04:28:10] DEBUG - ED: 0.03296452636917465 
[SAMORADlogger] [02 dic 2014 - 04:28:10] DEBUG - END-ServiceMap:insertLineFileToDb 
[SAMORADlogger] [02 dic 2014 - 04:28:10] DEBUG - START-ServiceMap:insertLineFileToDb 
[SAMORADlogger] [02 dic 2014 - 04:28:10] DEBUG - ED: 0.032014540317911185 
[SAMORADlogger] [02 dic 2014 - 04:28:10] DEBUG - END-ServiceMap:insertLineFileToDb 
[SAMORADlogger] [02 dic 2014 - 04:28:10] DEBUG - START-ServiceMap:insertLineFileToDb 
[SAMORADlogger] [02 dic 2014 - 04:28:10] DEBUG - ED: 0.03426283564428724 
[SAMORADlogger] [02 dic 2014 - 04:28:10] DEBUG - END-ServiceMap:insertLineFileToDb 
[SAMORADlogger] [02 dic 2014 - 04:28:10] DEBUG - START-ServiceMap:insertLineFileToDb 
[SAMORADlogger] [02 dic 2014 - 04:28:10] DEBUG - ED: 0.03142871868821069 
[SAMORADlogger] [02 dic 2014 - 04:28:10] DEBUG - END-ServiceMap:insertLineFileToDb 
[SAMORADlogger] [02 dic 2014 - 04:28:10] DEBUG - START-ServiceMap:insertLineFileToDb 
[SAMORADlogger] [02 dic 2014 - 04:28:10] DEBUG - ED: 0.03274286249997904 
[SAMORADlogger] [02 dic 2014 - 04:28:10] DEBUG - END-ServiceMap:insertLineFileToDb 
[SAMORADlogger] [02 dic 2014 - 04:28:10] DEBUG - START-ServiceMap:insertLineFileToDb 
[SAMORADlogger] [02 dic 2014 - 04:28:10] DEBUG - ED: 0.035196987642668556 
[SAMORADlogger] [02 dic 2014 - 04:28:10] DEBUG - END-ServiceMap:insertLineFileToDb 
[SAMORADlogger] [02 dic 2014 - 04:28:10] DEBUG - START-ServiceMap:insertLineFileToDb 
[SAMORADlogger] [02 dic 2014 - 04:28:10] DEBUG - ED: 0.034785323610433204 
[SAMORADlogger] [02 dic 2014 - 04:28:10] DEBUG - END-ServiceMap:insertLineFileToDb 
[SAMORADlogger] [02 dic 2014 - 04:28:10] DEBUG - START-ServiceMap:insertLineFileToDb 
[SAMORADlogger] [02 dic 2014 - 04:28:10] DEBUG - ED: 0.035877806016220114 
[SAMORADlogger] [02 dic 2014 - 04:28:10] DEBUG - END-ServiceMap:insertLineFileToDb 
[SAMORADlogger] [02 dic 2014 - 04:28:10] DEBUG - START-ServiceMap:insertLineFileToDb 
[SAMORADlogger] [02 dic 2014 - 04:28:10] DEBUG - ED: 0.038031105421803754 
[SAMORADlogger] [02 dic 2014 - 04:28:10] DEBUG - END-ServiceMap:insertLineFileToDb 
[SAMORADlogger] [02 dic 2014 - 04:28:10] DEBUG - START-ServiceMap:insertLineFileToDb 
[SAMORADlogger] [02 dic 2014 - 04:28:10] DEBUG - ED: 0.038157776057304756 
[SAMORADlogger] [02 dic 2014 - 04:28:10] DEBUG - END-ServiceMap:insertLineFileToDb 
[SAMORADlogger] [02 dic 2014 - 04:28:10] DEBUG - START-ServiceMap:insertLineFileToDb 
[SAMORADlogger] [02 dic 2014 - 04:28:10] DEBUG - ED: 0.03709696137443369 
[SAMORADlogger] [02 dic 2014 - 04:28:10] DEBUG - END-ServiceMap:insertLineFileToDb 
[SAMORADlogger] [02 dic 2014 - 04:28:10] DEBUG - START-ServiceMap:insertLineFileToDb 
[SAMORADlogger] [02 dic 2014 - 04:28:10] DEBUG - ED: 0.036384471885971506 
[SAMORADlogger] [02 dic 2014 - 04:28:10] DEBUG - END-ServiceMap:insertLineFileToDb 
[SAMORADlogger] [02 dic 2014 - 04:28:11] DEBUG - START-ServiceMap:insertLineFileToDb 
[SAMORADlogger] [02 dic 2014 - 04:28:11] DEBUG - ED: 0.03348701972725485 
[SAMORADlogger] [02 dic 2014 - 04:28:11] DEBUG - END-ServiceMap:insertLineFileToDb 
[SAMORADlogger] [02 dic 2014 - 04:28:11] DEBUG - START-ServiceMap:insertLineFileToDb 
[SAMORADlogger] [02 dic 2014 - 04:28:11] DEBUG - ED: 0.030146232425252596 
[SAMORADlogger] [02 dic 2014 - 04:28:11] DEBUG - END-ServiceMap:insertLineFileToDb 
[SAMORADlogger] [02 dic 2014 - 04:28:11] DEBUG - START-ServiceMap:insertLineFileToDb 
[SAMORADlogger] [02 dic 2014 - 04:28:11] DEBUG - ED: 0.0314920441045322 
[SAMORADlogger] [02 dic 2014 - 04:28:11] DEBUG - END-ServiceMap:insertLineFileToDb 
[SAMORADlogger] [02 dic 2014 - 04:28:11] DEBUG - START-ServiceMap:insertLineFileToDb 
[SAMORADlogger] [02 dic 2014 - 04:28:11] DEBUG - ED: 0.0326636945761445 
[SAMORADlogger] [02 dic 2014 - 04:28:11] DEBUG - END-ServiceMap:insertLineFileToDb 
[SAMORADlogger] [02 dic 2014 - 04:28:11] DEBUG - START-ServiceMap:insertLineFileToDb 
[SAMORADlogger] [02 dic 2014 - 04:28:11] DEBUG - ED: 0.03271119256274084 
[SAMORADlogger] [02 dic 2014 - 04:28:11] DEBUG - END-ServiceMap:insertLineFileToDb 
[SAMORADlogger] [02 dic 2014 - 04:28:11] DEBUG - START-ServiceMap:insertLineFileToDb 
[SAMORADlogger] [02 dic 2014 - 04:28:11] DEBUG - ED: 0.03223619820901326 
[SAMORADlogger] [02 dic 2014 - 04:28:11] DEBUG - END-ServiceMap:insertLineFileToDb 
[SAMORADlogger] [02 dic 2014 - 04:28:11] DEBUG - START-ServiceMap:insertLineFileToDb 
[SAMORADlogger] [02 dic 2014 - 04:28:11] DEBUG - ED: 0.030431228000029422 
[SAMORADlogger] [02 dic 2014 - 04:28:11] DEBUG - END-ServiceMap:insertLineFileToDb 
[SAMORADlogger] [02 dic 2014 - 04:28:11] DEBUG - START-ServiceMap:insertLineFileToDb 
[SAMORADlogger] [02 dic 2014 - 04:28:11] DEBUG - ED: 0.028198765868046535 
[SAMORADlogger] [02 dic 2014 - 04:28:11] DEBUG - END-ServiceMap:insertLineFileToDb 
[SAMORADlogger] [02 dic 2014 - 04:28:11] DEBUG - START-ServiceMap:insertLineFileToDb 
[SAMORADlogger] [02 dic 2014 - 04:28:11] DEBUG - ED: 0.03296452831893002 
[SAMORADlogger] [02 dic 2014 - 04:28:11] DEBUG - END-ServiceMap:insertLineFileToDb 
[SAMORADlogger] [02 dic 2014 - 04:28:11] DEBUG - START-ServiceMap:insertLineFileToDb 
[SAMORADlogger] [02 dic 2014 - 04:28:11] DEBUG - ED: 0.029069589588836785 
[SAMORADlogger] [02 dic 2014 - 04:28:11] DEBUG - END-ServiceMap:insertLineFileToDb 
[SAMORADlogger] [02 dic 2014 - 04:28:11] DEBUG - START-ServiceMap:insertLineFileToDb 
[SAMORADlogger] [02 dic 2014 - 04:28:11] DEBUG - ED: 0.03296453169179357 
[SAMORADlogger] [02 dic 2014 - 04:28:11] DEBUG - END-ServiceMap:insertLineFileToDb 
[SAMORADlogger] [02 dic 2014 - 04:28:11] DEBUG - START-ServiceMap:insertLineFileToDb 
[SAMORADlogger] [02 dic 2014 - 04:28:11] DEBUG - ED: 0.0319037112911532 
[SAMORADlogger] [02 dic 2014 - 04:28:11] DEBUG - END-ServiceMap:insertLineFileToDb 
[SAMORADlogger] [02 dic 2014 - 04:28:11] DEBUG - START-ServiceMap:insertLineFileToDb 
[SAMORADlogger] [02 dic 2014 - 04:28:11] DEBUG - ED: 0.02819876843289667 
[SAMORADlogger] [02 dic 2014 - 04:28:11] DEBUG - END-ServiceMap:insertLineFileToDb 
[SAMORADlogger] [02 dic 2014 - 04:28:11] DEBUG - START-ServiceMap:insertLineFileToDb 
[SAMORADlogger] [02 dic 2014 - 04:28:11] DEBUG - ED: 0.03565614758414137 
[SAMORADlogger] [02 dic 2014 - 04:28:11] DEBUG - END-ServiceMap:insertLineFileToDb 
[SAMORADlogger] [02 dic 2014 - 04:28:11] DEBUG - START-ServiceMap:insertLineFileToDb 
[SAMORADlogger] [02 dic 2014 - 04:28:11] DEBUG - ED: 0.03541865534913649 
[SAMORADlogger] [02 dic 2014 - 04:28:11] DEBUG - END-ServiceMap:insertLineFileToDb 
[SAMORADlogger] [02 dic 2014 - 04:28:11] DEBUG - START-ServiceMap:insertLineFileToDb 
[SAMORADlogger] [02 dic 2014 - 04:28:11] DEBUG - ED: 0.03579864952134245 
[SAMORADlogger] [02 dic 2014 - 04:28:11] DEBUG - END-ServiceMap:insertLineFileToDb 
[SAMORADlogger] [02 dic 2014 - 04:28:11] DEBUG - START-ServiceMap:insertLineFileToDb 
[SAMORADlogger] [02 dic 2014 - 04:28:11] DEBUG - ED: 0.036036144358622374 
[SAMORADlogger] [02 dic 2014 - 04:28:11] DEBUG - END-ServiceMap:insertLineFileToDb 
[SAMORADlogger] [02 dic 2014 - 04:28:11] DEBUG - START-ServiceMap:insertLineFileToDb 
[SAMORADlogger] [02 dic 2014 - 04:28:11] DEBUG - ED: 0.036669467924812696 
[SAMORADlogger] [02 dic 2014 - 04:28:11] DEBUG - END-ServiceMap:insertLineFileToDb 
[SAMORADlogger] [02 dic 2014 - 04:28:11] DEBUG - START-ServiceMap:insertLineFileToDb 
[SAMORADlogger] [02 dic 2014 - 04:28:11] DEBUG - ED: 0.03533948551751672 
[SAMORADlogger] [02 dic 2014 - 04:28:11] DEBUG - END-ServiceMap:insertLineFileToDb 
[SAMORADlogger] [02 dic 2014 - 04:28:11] DEBUG - START-ServiceMap:insertLineFileToDb 
[SAMORADlogger] [02 dic 2014 - 04:28:11] DEBUG - ED: 0.035988644785209196 
[SAMORADlogger] [02 dic 2014 - 04:28:11] DEBUG - END-ServiceMap:insertLineFileToDb 
[SAMORADlogger] [02 dic 2014 - 04:28:11] DEBUG - START-ServiceMap:insertLineFileToDb 
[SAMORADlogger] [02 dic 2014 - 04:28:11] DEBUG - ED: 0.037730282585454834 
[SAMORADlogger] [02 dic 2014 - 04:28:11] DEBUG - END-ServiceMap:insertLineFileToDb 
[SAMORADlogger] [02 dic 2014 - 04:28:11] DEBUG - START-ServiceMap:insertLineFileToDb 
[SAMORADlogger] [02 dic 2014 - 04:28:11] DEBUG - ED: 0.03426283694377609 
[SAMORADlogger] [02 dic 2014 - 04:28:11] DEBUG - END-ServiceMap:insertLineFileToDb 
[SAMORADlogger] [02 dic 2014 - 04:28:11] DEBUG - START-ServiceMap:insertLineFileToDb 
[SAMORADlogger] [02 dic 2014 - 04:28:11] DEBUG - ED: 0.0326320324788198 
[SAMORADlogger] [02 dic 2014 - 04:28:11] DEBUG - END-ServiceMap:insertLineFileToDb 
[SAMORADlogger] [02 dic 2014 - 04:28:11] DEBUG - START-ServiceMap:insertLineFileToDb 
[SAMORADlogger] [02 dic 2014 - 04:28:11] DEBUG - ED: 0.033138691852020424 
[SAMORADlogger] [02 dic 2014 - 04:28:11] DEBUG - END-ServiceMap:insertLineFileToDb 
[SAMORADlogger] [02 dic 2014 - 04:28:11] DEBUG - START-ServiceMap:insertLineFileToDb 
[SAMORADlogger] [02 dic 2014 - 04:28:11] DEBUG - ED: 0.030003736440678674 
[SAMORADlogger] [02 dic 2014 - 04:28:11] DEBUG - END-ServiceMap:insertLineFileToDb 
[SAMORADlogger] [02 dic 2014 - 04:28:11] DEBUG - START-ServiceMap:insertLineFileToDb 
[SAMORADlogger] [02 dic 2014 - 04:28:11] DEBUG - ED: 0.032663697370179205 
[SAMORADlogger] [02 dic 2014 - 04:28:11] DEBUG - END-ServiceMap:insertLineFileToDb 
[SAMORADlogger] [02 dic 2014 - 04:28:12] DEBUG - START-FileVoloController:enableButtonAnnulla 
[SAMORADlogger] [02 dic 2014 - 04:28:12] DEBUG - END-FileVoloController:enableButtonAnnulla 
[SAMORADlogger] [02 dic 2014 - 04:28:12] DEBUG - START-ServiceMap:insertLineFileToDb 
[SAMORADlogger] [02 dic 2014 - 04:28:12] DEBUG - ED: 0.033930340419430494 
[SAMORADlogger] [02 dic 2014 - 04:28:12] DEBUG - END-ServiceMap:insertLineFileToDb 
[SAMORADlogger] [02 dic 2014 - 04:28:12] DEBUG - START-ServiceMap:insertLineFileToDb 
[SAMORADlogger] [02 dic 2014 - 04:28:12] DEBUG - ED: 0.03307535672259894 
[SAMORADlogger] [02 dic 2014 - 04:28:12] DEBUG - END-ServiceMap:insertLineFileToDb 
[SAMORADlogger] [02 dic 2014 - 04:28:12] DEBUG - START-ServiceMap:insertLineFileToDb 
[SAMORADlogger] [02 dic 2014 - 04:28:12] DEBUG - ED: 0.03220454035684744 
[SAMORADlogger] [02 dic 2014 - 04:28:12] DEBUG - END-ServiceMap:insertLineFileToDb 
[SAMORADlogger] [02 dic 2014 - 04:28:12] DEBUG - START-ServiceMap:insertLineFileToDb 
[SAMORADlogger] [02 dic 2014 - 04:28:12] DEBUG - ED: 0.032616197605962724 
[SAMORADlogger] [02 dic 2014 - 04:28:12] DEBUG - END-ServiceMap:insertLineFileToDb 
[SAMORADlogger] [02 dic 2014 - 04:28:12] DEBUG - START-ServiceMap:insertLineFileToDb 
[SAMORADlogger] [02 dic 2014 - 04:28:12] DEBUG - ED: 0.03451616841059507 
[SAMORADlogger] [02 dic 2014 - 04:28:12] DEBUG - END-ServiceMap:insertLineFileToDb 
[SAMORADlogger] [02 dic 2014 - 04:28:12] DEBUG - START-ServiceMap:insertLineFileToDb 
[SAMORADlogger] [02 dic 2014 - 04:28:12] DEBUG - ED: 0.030542059013918786 
[SAMORADlogger] [02 dic 2014 - 04:28:12] DEBUG - END-ServiceMap:insertLineFileToDb 
[SAMORADlogger] [02 dic 2014 - 04:28:12] DEBUG - START-ServiceMap:insertLineFileToDb 
[SAMORADlogger] [02 dic 2014 - 04:28:12] DEBUG - ED: 0.031539541309497945 
[SAMORADlogger] [02 dic 2014 - 04:28:12] DEBUG - END-ServiceMap:insertLineFileToDb 
[SAMORADlogger] [02 dic 2014 - 04:28:12] DEBUG - START-ServiceMap:insertLineFileToDb 
[SAMORADlogger] [02 dic 2014 - 04:28:12] DEBUG - ED: 0.030858717671538784 
[SAMORADlogger] [02 dic 2014 - 04:28:12] DEBUG - END-ServiceMap:insertLineFileToDb 
[SAMORADlogger] [02 dic 2014 - 04:28:12] DEBUG - START-ServiceMap:insertLineFileToDb 
[SAMORADlogger] [02 dic 2014 - 04:28:12] DEBUG - ED: 0.02967124179039008 
[SAMORADlogger] [02 dic 2014 - 04:28:12] DEBUG - END-ServiceMap:insertLineFileToDb 
[SAMORADlogger] [02 dic 2014 - 04:28:12] DEBUG - START-ServiceMap:insertLineFileToDb 
[SAMORADlogger] [02 dic 2014 - 04:28:12] DEBUG - ED: 0.02848375695494608 
[SAMORADlogger] [02 dic 2014 - 04:28:12] DEBUG - END-ServiceMap:insertLineFileToDb 
[SAMORADlogger] [02 dic 2014 - 04:28:12] DEBUG - START-ServiceMap:insertLineFileToDb 
[SAMORADlogger] [02 dic 2014 - 04:28:12] DEBUG - ED: 0.029845403714648333 
[SAMORADlogger] [02 dic 2014 - 04:28:12] DEBUG - END-ServiceMap:insertLineFileToDb 
[SAMORADlogger] [02 dic 2014 - 04:28:12] DEBUG - START-ServiceMap:insertLineFileToDb 
[SAMORADlogger] [02 dic 2014 - 04:28:12] DEBUG - ED: 0.028594590067395013 
[SAMORADlogger] [02 dic 2014 - 04:28:12] DEBUG - END-ServiceMap:insertLineFileToDb 
[SAMORADlogger] [02 dic 2014 - 04:28:12] DEBUG - START-ServiceMap:insertLineFileToDb 
[SAMORADlogger] [02 dic 2014 - 04:28:12] DEBUG - ED: 0.034373663169128994 
[SAMORADlogger] [02 dic 2014 - 04:28:12] DEBUG - END-ServiceMap:insertLineFileToDb 
[SAMORADlogger] [02 dic 2014 - 04:28:12] DEBUG - START-ServiceMap:insertLineFileToDb 
[SAMORADlogger] [02 dic 2014 - 04:28:12] DEBUG - ED: 0.03158704479843048 
[SAMORADlogger] [02 dic 2014 - 04:28:12] DEBUG - END-ServiceMap:insertLineFileToDb 
[SAMORADlogger] [02 dic 2014 - 04:28:12] DEBUG - START-ServiceMap:insertLineFileToDb 
[SAMORADlogger] [02 dic 2014 - 04:28:12] DEBUG - ED: 0.0318403731250066 
[SAMORADlogger] [02 dic 2014 - 04:28:12] DEBUG - END-ServiceMap:insertLineFileToDb 
[SAMORADlogger] [02 dic 2014 - 04:28:12] DEBUG - START-ServiceMap:insertLineFileToDb 
[SAMORADlogger] [02 dic 2014 - 04:28:12] DEBUG - ED: 0.032552859992949976 
[SAMORADlogger] [02 dic 2014 - 04:28:12] DEBUG - END-ServiceMap:insertLineFileToDb 
[SAMORADlogger] [02 dic 2014 - 04:28:12] DEBUG - START-ServiceMap:insertLineFileToDb 
[SAMORADlogger] [02 dic 2014 - 04:28:12] DEBUG - ED: 0.02612463108992689 
[SAMORADlogger] [02 dic 2014 - 04:28:12] DEBUG - END-ServiceMap:insertLineFileToDb 
[SAMORADlogger] [02 dic 2014 - 04:28:12] DEBUG - START-ServiceMap:insertLineFileToDb 
[SAMORADlogger] [02 dic 2014 - 04:28:12] DEBUG - ED: 0.02780293677134992 
[SAMORADlogger] [02 dic 2014 - 04:28:12] DEBUG - END-ServiceMap:insertLineFileToDb 
[SAMORADlogger] [02 dic 2014 - 04:28:12] DEBUG - START-ServiceMap:insertLineFileToDb 
[SAMORADlogger] [02 dic 2014 - 04:28:12] DEBUG - ED: 0.028262091913891087 
[SAMORADlogger] [02 dic 2014 - 04:28:12] DEBUG - END-ServiceMap:insertLineFileToDb 
[SAMORADlogger] [02 dic 2014 - 04:28:12] DEBUG - START-ServiceMap:insertLineFileToDb 
[SAMORADlogger] [02 dic 2014 - 04:28:12] DEBUG - ED: 0.02633045954364856 
[SAMORADlogger] [02 dic 2014 - 04:28:12] DEBUG - END-ServiceMap:insertLineFileToDb 
[SAMORADlogger] [02 dic 2014 - 04:28:12] DEBUG - START-ServiceMap:insertLineFileToDb 
[SAMORADlogger] [02 dic 2014 - 04:28:12] DEBUG - ED: 0.029655404486970936 
[SAMORADlogger] [02 dic 2014 - 04:28:12] DEBUG - END-ServiceMap:insertLineFileToDb 
[SAMORADlogger] [02 dic 2014 - 04:28:12] DEBUG - START-ServiceMap:insertLineFileToDb 
[SAMORADlogger] [02 dic 2014 - 04:28:12] DEBUG - ED: 0.029972068287718208 
[SAMORADlogger] [02 dic 2014 - 04:28:12] DEBUG - END-ServiceMap:insertLineFileToDb 
[SAMORADlogger] [02 dic 2014 - 04:28:12] DEBUG - START-ServiceMap:insertLineFileToDb 
[SAMORADlogger] [02 dic 2014 - 04:28:12] DEBUG - ED: 0.0299404034231669 
[SAMORADlogger] [02 dic 2014 - 04:28:12] DEBUG - END-ServiceMap:insertLineFileToDb 
[SAMORADlogger] [02 dic 2014 - 04:28:12] DEBUG - START-ServiceMap:insertLineFileToDb 
[SAMORADlogger] [02 dic 2014 - 04:28:12] DEBUG - ED: 0.03188787332175343 
[SAMORADlogger] [02 dic 2014 - 04:28:12] DEBUG - END-ServiceMap:insertLineFileToDb 
[SAMORADlogger] [02 dic 2014 - 04:28:13] DEBUG - START-ServiceMap:insertLineFileToDb 
[SAMORADlogger] [02 dic 2014 - 04:28:13] DEBUG - ED: 0.028452094598020904 
[SAMORADlogger] [02 dic 2014 - 04:28:13] DEBUG - END-ServiceMap:insertLineFileToDb 
[SAMORADlogger] [02 dic 2014 - 04:28:13] DEBUG - START-ServiceMap:insertLineFileToDb 
[SAMORADlogger] [02 dic 2014 - 04:28:13] DEBUG - ED: 0.029481242080291747 
[SAMORADlogger] [02 dic 2014 - 04:28:13] DEBUG - END-ServiceMap:insertLineFileToDb 
[SAMORADlogger] [02 dic 2014 - 04:28:13] DEBUG - START-ServiceMap:insertLineFileToDb 
[SAMORADlogger] [02 dic 2014 - 04:28:13] DEBUG - ED: 0.030272895623298973 
[SAMORADlogger] [02 dic 2014 - 04:28:13] DEBUG - END-ServiceMap:insertLineFileToDb 
[SAMORADlogger] [02 dic 2014 - 04:28:13] DEBUG - START-ServiceMap:insertLineFileToDb 
[SAMORADlogger] [02 dic 2014 - 04:28:13] DEBUG - ED: 0.032853689061597156 
[SAMORADlogger] [02 dic 2014 - 04:28:13] DEBUG - END-ServiceMap:insertLineFileToDb 
[SAMORADlogger] [02 dic 2014 - 04:28:13] DEBUG - START-ServiceMap:insertLineFileToDb 
[SAMORADlogger] [02 dic 2014 - 04:28:13] DEBUG - ED: 0.03367701179122686 
[SAMORADlogger] [02 dic 2014 - 04:28:13] DEBUG - END-ServiceMap:insertLineFileToDb 
[SAMORADlogger] [02 dic 2014 - 04:28:13] DEBUG - START-ServiceMap:insertLineFileToDb 
[SAMORADlogger] [02 dic 2014 - 04:28:13] DEBUG - ED: 0.03619447023607974 
[SAMORADlogger] [02 dic 2014 - 04:28:13] DEBUG - END-ServiceMap:insertLineFileToDb 
[SAMORADlogger] [02 dic 2014 - 04:28:13] DEBUG - START-ServiceMap:insertLineFileToDb 
[SAMORADlogger] [02 dic 2014 - 04:28:13] DEBUG - ED: 0.03627363732897711 
[SAMORADlogger] [02 dic 2014 - 04:28:13] DEBUG - END-ServiceMap:insertLineFileToDb 
[SAMORADlogger] [02 dic 2014 - 04:28:13] DEBUG - START-ServiceMap:insertLineFileToDb 
[SAMORADlogger] [02 dic 2014 - 04:28:13] DEBUG - ED: 0.03804694761609014 
[SAMORADlogger] [02 dic 2014 - 04:28:13] DEBUG - END-ServiceMap:insertLineFileToDb 
[SAMORADlogger] [02 dic 2014 - 04:28:13] DEBUG - START-ServiceMap:insertLineFileToDb 
[SAMORADlogger] [02 dic 2014 - 04:28:13] DEBUG - ED: 0.0377461170867162 
[SAMORADlogger] [02 dic 2014 - 04:28:13] DEBUG - END-ServiceMap:insertLineFileToDb 
[SAMORADlogger] [02 dic 2014 - 04:28:13] DEBUG - START-ServiceMap:insertLineFileToDb 
[SAMORADlogger] [02 dic 2014 - 04:28:13] DEBUG - ED: 0.033882843107285274 
[SAMORADlogger] [02 dic 2014 - 04:28:13] DEBUG - END-ServiceMap:insertLineFileToDb 
[SAMORADlogger] [02 dic 2014 - 04:28:13] DEBUG - START-ServiceMap:insertLineFileToDb 
[SAMORADlogger] [02 dic 2014 - 04:28:13] DEBUG - ED: 0.03461116512263361 
[SAMORADlogger] [02 dic 2014 - 04:28:13] DEBUG - END-ServiceMap:insertLineFileToDb 
[SAMORADlogger] [02 dic 2014 - 04:28:13] DEBUG - START-ServiceMap:insertLineFileToDb 
[SAMORADlogger] [02 dic 2014 - 04:28:13] DEBUG - ED: 0.032980354856243295 
[SAMORADlogger] [02 dic 2014 - 04:28:13] DEBUG - END-ServiceMap:insertLineFileToDb 
[SAMORADlogger] [02 dic 2014 - 04:28:13] DEBUG - START-ServiceMap:insertLineFileToDb 
[SAMORADlogger] [02 dic 2014 - 04:28:13] DEBUG - ED: 0.03134954403206409 
[SAMORADlogger] [02 dic 2014 - 04:28:13] DEBUG - END-ServiceMap:insertLineFileToDb 
[SAMORADlogger] [02 dic 2014 - 04:28:13] DEBUG - START-ServiceMap:insertLineFileToDb 
[SAMORADlogger] [02 dic 2014 - 04:28:13] DEBUG - ED: 0.03913942221651839 
[SAMORADlogger] [02 dic 2014 - 04:28:13] DEBUG - END-ServiceMap:insertLineFileToDb 
[SAMORADlogger] [02 dic 2014 - 04:28:13] DEBUG - START-ServiceMap:insertLineFileToDb 
[SAMORADlogger] [02 dic 2014 - 04:28:13] DEBUG - ED: 0.03641613523216273 
[SAMORADlogger] [02 dic 2014 - 04:28:13] DEBUG - END-ServiceMap:insertLineFileToDb 
[SAMORADlogger] [02 dic 2014 - 04:28:13] DEBUG - START-ServiceMap:insertLineFileToDb 
[SAMORADlogger] [02 dic 2014 - 04:28:13] DEBUG - ED: 0.036653632233063844 
[SAMORADlogger] [02 dic 2014 - 04:28:13] DEBUG - END-ServiceMap:insertLineFileToDb 
[SAMORADlogger] [02 dic 2014 - 04:28:13] DEBUG - START-ServiceMap:insertLineFileToDb 
[SAMORADlogger] [02 dic 2014 - 04:28:13] DEBUG - ED: 0.03638446850779405 
[SAMORADlogger] [02 dic 2014 - 04:28:13] DEBUG - END-ServiceMap:insertLineFileToDb 
[SAMORADlogger] [02 dic 2014 - 04:28:13] DEBUG - START-ServiceMap:insertLineFileToDb 
[SAMORADlogger] [02 dic 2014 - 04:28:13] DEBUG - ED: 0.03535531893072419 
[SAMORADlogger] [02 dic 2014 - 04:28:13] DEBUG - END-ServiceMap:insertLineFileToDb 
[SAMORADlogger] [02 dic 2014 - 04:28:13] DEBUG - START-ServiceMap:insertLineFileToDb 
[SAMORADlogger] [02 dic 2014 - 04:28:13] DEBUG - ED: 0.03521282055888306 
[SAMORADlogger] [02 dic 2014 - 04:28:13] DEBUG - END-ServiceMap:insertLineFileToDb 
[SAMORADlogger] [02 dic 2014 - 04:28:13] DEBUG - START-ServiceMap:insertLineFileToDb 
[SAMORADlogger] [02 dic 2014 - 04:28:13] DEBUG - ED: 0.03860109993580538 
[SAMORADlogger] [02 dic 2014 - 04:28:13] DEBUG - END-ServiceMap:insertLineFileToDb 
[SAMORADlogger] [02 dic 2014 - 04:28:13] DEBUG - START-ServiceMap:insertLineFileToDb 
[SAMORADlogger] [02 dic 2014 - 04:28:13] DEBUG - ED: 0.038664433040817306 
[SAMORADlogger] [02 dic 2014 - 04:28:13] DEBUG - END-ServiceMap:insertLineFileToDb 
[SAMORADlogger] [02 dic 2014 - 04:28:13] DEBUG - START-ServiceMap:insertLineFileToDb 
[SAMORADlogger] [02 dic 2014 - 04:28:13] DEBUG - ED: 0.038680268115381 
[SAMORADlogger] [02 dic 2014 - 04:28:13] DEBUG - END-ServiceMap:insertLineFileToDb 
[SAMORADlogger] [02 dic 2014 - 04:28:13] DEBUG - START-ServiceMap:insertLineFileToDb 
[SAMORADlogger] [02 dic 2014 - 04:28:13] DEBUG - ED: 0.03659030367149104 
[SAMORADlogger] [02 dic 2014 - 04:28:13] DEBUG - END-ServiceMap:insertLineFileToDb 
[SAMORADlogger] [02 dic 2014 - 04:28:13] DEBUG - START-ServiceMap:insertLineFileToDb 
[SAMORADlogger] [02 dic 2014 - 04:28:13] DEBUG - ED: 0.035006998058549225 
[SAMORADlogger] [02 dic 2014 - 04:28:13] DEBUG - END-ServiceMap:insertLineFileToDb 
[SAMORADlogger] [02 dic 2014 - 04:28:14] DEBUG - START-ServiceMap:insertLineFileToDb 
[SAMORADlogger] [02 dic 2014 - 04:28:14] DEBUG - ED: 0.033645351470461105 
[SAMORADlogger] [02 dic 2014 - 04:28:14] DEBUG - END-ServiceMap:insertLineFileToDb 
[SAMORADlogger] [02 dic 2014 - 04:28:14] DEBUG - START-ServiceMap:insertLineFileToDb 
[SAMORADlogger] [02 dic 2014 - 04:28:14] DEBUG - ED: 0.03340785614643864 
[SAMORADlogger] [02 dic 2014 - 04:28:14] DEBUG - END-ServiceMap:insertLineFileToDb 
[SAMORADlogger] [02 dic 2014 - 04:28:14] DEBUG - START-ServiceMap:insertLineFileToDb 
[SAMORADlogger] [02 dic 2014 - 04:28:14] DEBUG - ED: 0.034484502530517686 
[SAMORADlogger] [02 dic 2014 - 04:28:14] DEBUG - END-ServiceMap:insertLineFileToDb 
[SAMORADlogger] [02 dic 2014 - 04:28:14] DEBUG - START-ServiceMap:insertLineFileToDb 
[SAMORADlogger] [02 dic 2014 - 04:28:14] DEBUG - ED: 0.035386987792248366 
[SAMORADlogger] [02 dic 2014 - 04:28:14] DEBUG - END-ServiceMap:insertLineFileToDb 
[SAMORADlogger] [02 dic 2014 - 04:28:14] DEBUG - START-ServiceMap:insertLineFileToDb 
[SAMORADlogger] [02 dic 2014 - 04:28:14] DEBUG - ED: 0.03415200460195758 
[SAMORADlogger] [02 dic 2014 - 04:28:14] DEBUG - END-ServiceMap:insertLineFileToDb 
[SAMORADlogger] [02 dic 2014 - 04:28:14] DEBUG - START-ServiceMap:insertLineFileToDb 
[SAMORADlogger] [02 dic 2014 - 04:28:14] DEBUG - ED: 0.03161871410226926 
[SAMORADlogger] [02 dic 2014 - 04:28:14] DEBUG - END-ServiceMap:insertLineFileToDb 
[SAMORADlogger] [02 dic 2014 - 04:28:14] DEBUG - START-ServiceMap:insertLineFileToDb 
[SAMORADlogger] [02 dic 2014 - 04:28:14] DEBUG - ED: 0.029671246659191092 
[SAMORADlogger] [02 dic 2014 - 04:28:14] DEBUG - END-ServiceMap:insertLineFileToDb 
[SAMORADlogger] [02 dic 2014 - 04:28:14] DEBUG - START-ServiceMap:insertLineFileToDb 
[SAMORADlogger] [02 dic 2014 - 04:28:14] DEBUG - ED: 0.029037920126863775 
[SAMORADlogger] [02 dic 2014 - 04:28:14] DEBUG - END-ServiceMap:insertLineFileToDb 
[SAMORADlogger] [02 dic 2014 - 04:28:14] DEBUG - START-ServiceMap:insertLineFileToDb 
[SAMORADlogger] [02 dic 2014 - 04:28:14] DEBUG - ED: 0.030478735097968154 
[SAMORADlogger] [02 dic 2014 - 04:28:14] DEBUG - END-ServiceMap:insertLineFileToDb 
[SAMORADlogger] [02 dic 2014 - 04:28:14] DEBUG - START-ServiceMap:insertLineFileToDb 
[SAMORADlogger] [02 dic 2014 - 04:28:14] DEBUG - ED: 0.03274286177781962 
[SAMORADlogger] [02 dic 2014 - 04:28:14] DEBUG - END-ServiceMap:insertLineFileToDb 
[SAMORADlogger] [02 dic 2014 - 04:28:14] DEBUG - START-ServiceMap:insertLineFileToDb 
[SAMORADlogger] [02 dic 2014 - 04:28:14] DEBUG - ED: 0.03640030277616521 
[SAMORADlogger] [02 dic 2014 - 04:28:14] DEBUG - END-ServiceMap:insertLineFileToDb 
[SAMORADlogger] [02 dic 2014 - 04:28:14] DEBUG - START-ServiceMap:insertLineFileToDb 
[SAMORADlogger] [02 dic 2014 - 04:28:14] DEBUG - ED: 0.03608364380259122 
[SAMORADlogger] [02 dic 2014 - 04:28:14] DEBUG - END-ServiceMap:insertLineFileToDb 
[SAMORADlogger] [02 dic 2014 - 04:28:14] DEBUG - START-ServiceMap:insertLineFileToDb 
[SAMORADlogger] [02 dic 2014 - 04:28:14] DEBUG - ED: 0.03491199346964946 
[SAMORADlogger] [02 dic 2014 - 04:28:14] DEBUG - END-ServiceMap:insertLineFileToDb 
[SAMORADlogger] [02 dic 2014 - 04:28:14] DEBUG - START-ServiceMap:insertLineFileToDb 
[SAMORADlogger] [02 dic 2014 - 04:28:14] DEBUG - ED: 0.03275869469680436 
[SAMORADlogger] [02 dic 2014 - 04:28:14] DEBUG - END-ServiceMap:insertLineFileToDb 
[SAMORADlogger] [02 dic 2014 - 04:28:14] DEBUG - START-ServiceMap:insertLineFileToDb 
[SAMORADlogger] [02 dic 2014 - 04:28:14] DEBUG - ED: 0.034864490968167086 
[SAMORADlogger] [02 dic 2014 - 04:28:14] DEBUG - END-ServiceMap:insertLineFileToDb 
[SAMORADlogger] [02 dic 2014 - 04:28:14] DEBUG - START-ServiceMap:insertLineFileToDb 
[SAMORADlogger] [02 dic 2014 - 04:28:14] DEBUG - ED: 0.03298035785834272 
[SAMORADlogger] [02 dic 2014 - 04:28:14] DEBUG - END-ServiceMap:insertLineFileToDb 
[SAMORADlogger] [02 dic 2014 - 04:28:14] DEBUG - START-ServiceMap:insertLineFileToDb 
[SAMORADlogger] [02 dic 2014 - 04:28:14] DEBUG - ED: 0.03681196184982128 
[SAMORADlogger] [02 dic 2014 - 04:28:14] DEBUG - END-ServiceMap:insertLineFileToDb 
[SAMORADlogger] [02 dic 2014 - 04:28:15] DEBUG - START-FileVoloController:enableButtonAnnulla 
[SAMORADlogger] [02 dic 2014 - 04:28:15] DEBUG - END-FileVoloController:enableButtonAnnulla 
[SAMORADlogger] [02 dic 2014 - 04:28:15] DEBUG - START-ServiceMap:insertLineFileToDb 
[SAMORADlogger] [02 dic 2014 - 04:28:15] DEBUG - ED: 0.03714445982988719 
[SAMORADlogger] [02 dic 2014 - 04:28:15] DEBUG - END-ServiceMap:insertLineFileToDb 
[SAMORADlogger] [02 dic 2014 - 04:28:15] DEBUG - START-ServiceMap:insertLineFileToDb 
[SAMORADlogger] [02 dic 2014 - 04:28:15] DEBUG - ED: 0.03229954049178585 
[SAMORADlogger] [02 dic 2014 - 04:28:15] DEBUG - END-ServiceMap:insertLineFileToDb 
[SAMORADlogger] [02 dic 2014 - 04:28:15] DEBUG - START-ServiceMap:insertLineFileToDb 
[SAMORADlogger] [02 dic 2014 - 04:28:15] DEBUG - ED: 0.033550348776267995 
[SAMORADlogger] [02 dic 2014 - 04:28:15] DEBUG - END-ServiceMap:insertLineFileToDb 
[SAMORADlogger] [02 dic 2014 - 04:28:15] DEBUG - START-ServiceMap:insertLineFileToDb 
[SAMORADlogger] [02 dic 2014 - 04:28:15] DEBUG - ED: 0.031080387957223257 
[SAMORADlogger] [02 dic 2014 - 04:28:15] DEBUG - END-ServiceMap:insertLineFileToDb 
[SAMORADlogger] [02 dic 2014 - 04:28:15] DEBUG - START-ServiceMap:insertLineFileToDb 
[SAMORADlogger] [02 dic 2014 - 04:28:15] DEBUG - ED: 0.02984540818546782 
[SAMORADlogger] [02 dic 2014 - 04:28:15] DEBUG - END-ServiceMap:insertLineFileToDb 
[SAMORADlogger] [02 dic 2014 - 04:28:15] DEBUG - START-ServiceMap:insertLineFileToDb 
[SAMORADlogger] [02 dic 2014 - 04:28:15] DEBUG - ED: 0.03385117907146991 
[SAMORADlogger] [02 dic 2014 - 04:28:15] DEBUG - END-ServiceMap:insertLineFileToDb 
[SAMORADlogger] [02 dic 2014 - 04:28:15] DEBUG - START-ServiceMap:insertLineFileToDb 
[SAMORADlogger] [02 dic 2014 - 04:28:15] DEBUG - ED: 0.03587781747410445 
[SAMORADlogger] [02 dic 2014 - 04:28:15] DEBUG - END-ServiceMap:insertLineFileToDb 
[SAMORADlogger] [02 dic 2014 - 04:28:15] DEBUG - START-ServiceMap:insertLineFileToDb 
[SAMORADlogger] [02 dic 2014 - 04:28:15] DEBUG - ED: 0.03682780183042321 
[SAMORADlogger] [02 dic 2014 - 04:28:15] DEBUG - END-ServiceMap:insertLineFileToDb 
[SAMORADlogger] [02 dic 2014 - 04:28:15] DEBUG - START-ServiceMap:insertLineFileToDb 
[SAMORADlogger] [02 dic 2014 - 04:28:15] DEBUG - ED: 0.03727112224758378 
[SAMORADlogger] [02 dic 2014 - 04:28:15] DEBUG - END-ServiceMap:insertLineFileToDb 
[SAMORADlogger] [02 dic 2014 - 04:28:15] DEBUG - START-ServiceMap:insertLineFileToDb 
[SAMORADlogger] [02 dic 2014 - 04:28:15] DEBUG - ED: 0.03735029589881013 
[SAMORADlogger] [02 dic 2014 - 04:28:15] DEBUG - END-ServiceMap:insertLineFileToDb 
[SAMORADlogger] [02 dic 2014 - 04:28:15] DEBUG - START-ServiceMap:insertLineFileToDb 
[SAMORADlogger] [02 dic 2014 - 04:28:15] DEBUG - ED: 0.031808712036152056 
[SAMORADlogger] [02 dic 2014 - 04:28:15] DEBUG - END-ServiceMap:insertLineFileToDb 
[SAMORADlogger] [02 dic 2014 - 04:28:15] DEBUG - START-ServiceMap:updateIntestazioneFile 
[SAMORADlogger] [02 dic 2014 - 04:28:15] DEBUG - END-ServiceMap:updateIntestazioneFile 
[SAMORADlogger] [02 dic 2014 - 04:28:15] DEBUG - END-FileVoloController:esploraMappa 
[SAMORADlogger] [02 dic 2014 - 04:28:15] DEBUG - START-MappaGeneraleController:init 
[SAMORADlogger] [02 dic 2014 - 04:28:15] DEBUG - START-BaseController:init 
[SAMORADlogger] [02 dic 2014 - 04:28:15] DEBUG - START-ServiceMap:ritornaMappa 
[SAMORADlogger] [02 dic 2014 - 04:28:17] DEBUG - END-ServiceMap:ritornaMappa 
[SAMORADlogger] [02 dic 2014 - 04:28:17] DEBUG - START-BaseController:actionSetFromJsonToObjectInfoObjImpl 
[SAMORADlogger] [02 dic 2014 - 04:28:17] DEBUG - START-ServiceMap:ritornaMappaChartInfo 
[SAMORADlogger] [02 dic 2014 - 04:28:17] DEBUG - END-ServiceMap:ritornaMappaChartInfo 
[SAMORADlogger] [02 dic 2014 - 04:28:17] DEBUG - START-BaseController:disableEnableChartButton 
[SAMORADlogger] [02 dic 2014 - 04:28:17] DEBUG - END-BaseController:disableEnableChartButton 
[SAMORADlogger] [02 dic 2014 - 04:28:17] DEBUG - END-BaseController:actionSetFromJsonToObjectInfoObjImpl 
[SAMORADlogger] [02 dic 2014 - 04:28:17] DEBUG - START-BaseController:chooseChart 
[SAMORADlogger] [02 dic 2014 - 04:28:17] DEBUG - START-BaseController:actionSetFromJsonToObjectInfoObjImpl 
[SAMORADlogger] [02 dic 2014 - 04:28:17] DEBUG - START-ServiceMap:ritornaMappaChartInfo 
[SAMORADlogger] [02 dic 2014 - 04:28:17] DEBUG - END-ServiceMap:ritornaMappaChartInfo 
[SAMORADlogger] [02 dic 2014 - 04:28:17] DEBUG - START-BaseController:disableEnableChartButton 
[SAMORADlogger] [02 dic 2014 - 04:28:17] DEBUG - END-BaseController:disableEnableChartButton 
[SAMORADlogger] [02 dic 2014 - 04:28:17] DEBUG - END-BaseController:actionSetFromJsonToObjectInfoObjImpl 
[SAMORADlogger] [02 dic 2014 - 04:28:17] DEBUG - END-BaseController:chooseChart 
[SAMORADlogger] [02 dic 2014 - 04:28:17] DEBUG - END-BaseController:init 
[SAMORADlogger] [02 dic 2014 - 04:28:17] DEBUG - END-MappaGeneraleController:init 
[SAMORADlogger] [02 dic 2014 - 04:29:00] DEBUG - START-MappaAllarmiController:init 
[SAMORADlogger] [02 dic 2014 - 04:29:00] DEBUG - START-BaseController:init 
[SAMORADlogger] [02 dic 2014 - 04:29:00] DEBUG - START-ServiceMap:ritornaMappa 
[SAMORADlogger] [02 dic 2014 - 04:29:01] DEBUG - END-ServiceMap:ritornaMappa 
[SAMORADlogger] [02 dic 2014 - 04:29:01] DEBUG - START-BaseController:actionSetFromJsonToObjectInfoObjImpl 
[SAMORADlogger] [02 dic 2014 - 04:29:01] DEBUG - START-ServiceMap:ritornaMappaChartInfo 
[SAMORADlogger] [02 dic 2014 - 04:29:01] DEBUG - END-ServiceMap:ritornaMappaChartInfo 
[SAMORADlogger] [02 dic 2014 - 04:29:01] DEBUG - START-BaseController:disableEnableChartButton 
[SAMORADlogger] [02 dic 2014 - 04:29:01] DEBUG - END-BaseController:disableEnableChartButton 
[SAMORADlogger] [02 dic 2014 - 04:29:01] DEBUG - END-BaseController:actionSetFromJsonToObjectInfoObjImpl 
[SAMORADlogger] [02 dic 2014 - 04:29:01] DEBUG - START-BaseController:chooseChart 
[SAMORADlogger] [02 dic 2014 - 04:29:01] DEBUG - START-BaseController:actionSetFromJsonToObjectInfoObjImpl 
[SAMORADlogger] [02 dic 2014 - 04:29:01] DEBUG - START-ServiceMap:ritornaMappaChartInfo 
[SAMORADlogger] [02 dic 2014 - 04:29:01] DEBUG - END-ServiceMap:ritornaMappaChartInfo 
[SAMORADlogger] [02 dic 2014 - 04:29:01] DEBUG - START-BaseController:disableEnableChartButton 
[SAMORADlogger] [02 dic 2014 - 04:29:01] DEBUG - END-BaseController:disableEnableChartButton 
[SAMORADlogger] [02 dic 2014 - 04:29:01] DEBUG - END-BaseController:actionSetFromJsonToObjectInfoObjImpl 
[SAMORADlogger] [02 dic 2014 - 04:29:01] DEBUG - END-BaseController:chooseChart 
[SAMORADlogger] [02 dic 2014 - 04:29:01] DEBUG - END-BaseController:init 
[SAMORADlogger] [02 dic 2014 - 04:29:01] DEBUG - END-MappaAllarmiController:init 
[SAMORADlogger] [02 dic 2014 - 04:29:09] DEBUG - START-BaseController:chooseChart 
[SAMORADlogger] [02 dic 2014 - 04:29:09] DEBUG - START-BaseController:actionSetFromJsonToObjectInfoObjImpl 
[SAMORADlogger] [02 dic 2014 - 04:29:09] DEBUG - START-ServiceMap:ritornaMappaChartInfo 
[SAMORADlogger] [02 dic 2014 - 04:29:09] DEBUG - END-ServiceMap:ritornaMappaChartInfo 
[SAMORADlogger] [02 dic 2014 - 04:29:09] DEBUG - START-BaseController:disableEnableChartButton 
[SAMORADlogger] [02 dic 2014 - 04:29:09] DEBUG - END-BaseController:disableEnableChartButton 
[SAMORADlogger] [02 dic 2014 - 04:29:09] DEBUG - END-BaseController:actionSetFromJsonToObjectInfoObjImpl 
[SAMORADlogger] [02 dic 2014 - 04:29:09] DEBUG - END-BaseController:chooseChart 
[SAMORADlogger] [02 dic 2014 - 04:29:10] DEBUG - START-BaseController:chooseChart 
[SAMORADlogger] [02 dic 2014 - 04:29:10] DEBUG - START-BaseController:actionSetFromJsonToObjectInfoObjImpl 
[SAMORADlogger] [02 dic 2014 - 04:29:10] DEBUG - START-ServiceMap:ritornaMappaChartInfo 
[SAMORADlogger] [02 dic 2014 - 04:29:10] DEBUG - END-ServiceMap:ritornaMappaChartInfo 
[SAMORADlogger] [02 dic 2014 - 04:29:10] DEBUG - START-BaseController:disableEnableChartButton 
[SAMORADlogger] [02 dic 2014 - 04:29:10] DEBUG - END-BaseController:disableEnableChartButton 
[SAMORADlogger] [02 dic 2014 - 04:29:10] DEBUG - END-BaseController:actionSetFromJsonToObjectInfoObjImpl 
[SAMORADlogger] [02 dic 2014 - 04:29:10] DEBUG - END-BaseController:chooseChart 
[SAMORADlogger] [02 dic 2014 - 04:29:33] DEBUG - START-MappaAllarmiController:updateSogliaAllarmi 
[SAMORADlogger] [02 dic 2014 - 04:29:33] DEBUG - START-ServiceMap:updateSogliaAllarmi 
[SAMORADlogger] [02 dic 2014 - 04:29:33] DEBUG - SOGLIA ALLARME: 0.06 
[SAMORADlogger] [02 dic 2014 - 04:29:33] DEBUG - END-ServiceMap:updateSogliaAllarmi 
[SAMORADlogger] [02 dic 2014 - 04:29:33] DEBUG - START-MappaAllarmiController:init 
[SAMORADlogger] [02 dic 2014 - 04:29:33] DEBUG - START-BaseController:init 
[SAMORADlogger] [02 dic 2014 - 04:29:33] DEBUG - START-ServiceMap:ritornaMappa 
[SAMORADlogger] [02 dic 2014 - 04:29:34] DEBUG - END-ServiceMap:ritornaMappa 
[SAMORADlogger] [02 dic 2014 - 04:29:34] DEBUG - START-BaseController:actionSetFromJsonToObjectInfoObjImpl 
[SAMORADlogger] [02 dic 2014 - 04:29:34] DEBUG - START-ServiceMap:ritornaMappaChartInfo 
[SAMORADlogger] [02 dic 2014 - 04:29:34] DEBUG - END-ServiceMap:ritornaMappaChartInfo 
[SAMORADlogger] [02 dic 2014 - 04:29:34] DEBUG - START-BaseController:disableEnableChartButton 
[SAMORADlogger] [02 dic 2014 - 04:29:34] DEBUG - END-BaseController:disableEnableChartButton 
[SAMORADlogger] [02 dic 2014 - 04:29:34] DEBUG - END-BaseController:actionSetFromJsonToObjectInfoObjImpl 
[SAMORADlogger] [02 dic 2014 - 04:29:34] DEBUG - START-BaseController:chooseChart 
[SAMORADlogger] [02 dic 2014 - 04:29:34] DEBUG - START-BaseController:actionSetFromJsonToObjectInfoObjImpl 
[SAMORADlogger] [02 dic 2014 - 04:29:34] DEBUG - START-ServiceMap:ritornaMappaChartInfo 
[SAMORADlogger] [02 dic 2014 - 04:29:34] DEBUG - END-ServiceMap:ritornaMappaChartInfo 
[SAMORADlogger] [02 dic 2014 - 04:29:34] DEBUG - START-BaseController:disableEnableChartButton 
[SAMORADlogger] [02 dic 2014 - 04:29:34] DEBUG - END-BaseController:disableEnableChartButton 
[SAMORADlogger] [02 dic 2014 - 04:29:34] DEBUG - END-BaseController:actionSetFromJsonToObjectInfoObjImpl 
[SAMORADlogger] [02 dic 2014 - 04:29:34] DEBUG - END-BaseController:chooseChart 
[SAMORADlogger] [02 dic 2014 - 04:29:34] DEBUG - END-BaseController:init 
[SAMORADlogger] [02 dic 2014 - 04:29:34] DEBUG - END-MappaAllarmiController:init 
[SAMORADlogger] [02 dic 2014 - 04:29:34] DEBUG - END-MappaAllarmiController:updateSogliaAllarmi 
[SAMORADlogger] [02 dic 2014 - 04:29:49] DEBUG - START-MappaAllarmiController:updateSogliaAllarmi 
[SAMORADlogger] [02 dic 2014 - 04:29:49] DEBUG - START-ServiceMap:updateSogliaAllarmi 
[SAMORADlogger] [02 dic 2014 - 04:29:49] DEBUG - SOGLIA ALLARME: 0.06 
[SAMORADlogger] [02 dic 2014 - 04:29:49] DEBUG - END-ServiceMap:updateSogliaAllarmi 
[SAMORADlogger] [02 dic 2014 - 04:29:49] DEBUG - START-MappaAllarmiController:init 
[SAMORADlogger] [02 dic 2014 - 04:29:49] DEBUG - START-BaseController:init 
[SAMORADlogger] [02 dic 2014 - 04:29:49] DEBUG - START-ServiceMap:ritornaMappa 
[SAMORADlogger] [02 dic 2014 - 04:29:50] DEBUG - END-ServiceMap:ritornaMappa 
[SAMORADlogger] [02 dic 2014 - 04:29:50] DEBUG - START-BaseController:actionSetFromJsonToObjectInfoObjImpl 
[SAMORADlogger] [02 dic 2014 - 04:29:50] DEBUG - START-ServiceMap:ritornaMappaChartInfo 
[SAMORADlogger] [02 dic 2014 - 04:29:50] DEBUG - END-ServiceMap:ritornaMappaChartInfo 
[SAMORADlogger] [02 dic 2014 - 04:29:50] DEBUG - START-BaseController:disableEnableChartButton 
[SAMORADlogger] [02 dic 2014 - 04:29:50] DEBUG - END-BaseController:disableEnableChartButton 
[SAMORADlogger] [02 dic 2014 - 04:29:50] DEBUG - END-BaseController:actionSetFromJsonToObjectInfoObjImpl 
[SAMORADlogger] [02 dic 2014 - 04:29:50] DEBUG - START-BaseController:chooseChart 
[SAMORADlogger] [02 dic 2014 - 04:29:50] DEBUG - START-BaseController:actionSetFromJsonToObjectInfoObjImpl 
[SAMORADlogger] [02 dic 2014 - 04:29:50] DEBUG - START-ServiceMap:ritornaMappaChartInfo 
[SAMORADlogger] [02 dic 2014 - 04:29:50] DEBUG - END-ServiceMap:ritornaMappaChartInfo 
[SAMORADlogger] [02 dic 2014 - 04:29:50] DEBUG - START-BaseController:disableEnableChartButton 
[SAMORADlogger] [02 dic 2014 - 04:29:50] DEBUG - END-BaseController:disableEnableChartButton 
[SAMORADlogger] [02 dic 2014 - 04:29:50] DEBUG - END-BaseController:actionSetFromJsonToObjectInfoObjImpl 
[SAMORADlogger] [02 dic 2014 - 04:29:50] DEBUG - END-BaseController:chooseChart 
[SAMORADlogger] [02 dic 2014 - 04:29:50] DEBUG - END-BaseController:init 
[SAMORADlogger] [02 dic 2014 - 04:29:50] DEBUG - END-MappaAllarmiController:init 
[SAMORADlogger] [02 dic 2014 - 04:29:50] DEBUG - END-MappaAllarmiController:updateSogliaAllarmi 
[SAMORADlogger] [02 dic 2014 - 04:30:04] DEBUG - START-MappaAllarmiController:init 
[SAMORADlogger] [02 dic 2014 - 04:30:04] DEBUG - START-BaseController:init 
[SAMORADlogger] [02 dic 2014 - 04:30:04] DEBUG - START-ServiceMap:ritornaMappa 
[SAMORADlogger] [02 dic 2014 - 04:30:05] DEBUG - END-ServiceMap:ritornaMappa 
[SAMORADlogger] [02 dic 2014 - 04:30:05] DEBUG - START-BaseController:actionSetFromJsonToObjectInfoObjImpl 
[SAMORADlogger] [02 dic 2014 - 04:30:05] DEBUG - START-ServiceMap:ritornaMappaChartInfo 
[SAMORADlogger] [02 dic 2014 - 04:30:05] DEBUG - END-ServiceMap:ritornaMappaChartInfo 
[SAMORADlogger] [02 dic 2014 - 04:30:05] DEBUG - START-BaseController:disableEnableChartButton 
[SAMORADlogger] [02 dic 2014 - 04:30:05] DEBUG - END-BaseController:disableEnableChartButton 
[SAMORADlogger] [02 dic 2014 - 04:30:05] DEBUG - END-BaseController:actionSetFromJsonToObjectInfoObjImpl 
[SAMORADlogger] [02 dic 2014 - 04:30:05] DEBUG - START-BaseController:chooseChart 
[SAMORADlogger] [02 dic 2014 - 04:30:05] DEBUG - START-BaseController:actionSetFromJsonToObjectInfoObjImpl 
[SAMORADlogger] [02 dic 2014 - 04:30:05] DEBUG - START-ServiceMap:ritornaMappaChartInfo 
[SAMORADlogger] [02 dic 2014 - 04:30:05] DEBUG - END-ServiceMap:ritornaMappaChartInfo 
[SAMORADlogger] [02 dic 2014 - 04:30:05] DEBUG - START-BaseController:disableEnableChartButton 
[SAMORADlogger] [02 dic 2014 - 04:30:05] DEBUG - END-BaseController:disableEnableChartButton 
[SAMORADlogger] [02 dic 2014 - 04:30:05] DEBUG - END-BaseController:actionSetFromJsonToObjectInfoObjImpl 
[SAMORADlogger] [02 dic 2014 - 04:30:05] DEBUG - END-BaseController:chooseChart 
[SAMORADlogger] [02 dic 2014 - 04:30:05] DEBUG - END-BaseController:init 
[SAMORADlogger] [02 dic 2014 - 04:30:05] DEBUG - END-MappaAllarmiController:init 
[SAMORADlogger] [02 dic 2014 - 04:30:15] DEBUG - START-BaseController:chooseChart 
[SAMORADlogger] [02 dic 2014 - 04:30:15] DEBUG - START-BaseController:actionSetFromJsonToObjectInfoObjImpl 
[SAMORADlogger] [02 dic 2014 - 04:30:15] DEBUG - START-ServiceMap:ritornaMappaChartInfo 
[SAMORADlogger] [02 dic 2014 - 04:30:15] DEBUG - END-ServiceMap:ritornaMappaChartInfo 
[SAMORADlogger] [02 dic 2014 - 04:30:15] DEBUG - START-BaseController:disableEnableChartButton 
[SAMORADlogger] [02 dic 2014 - 04:30:15] DEBUG - END-BaseController:disableEnableChartButton 
[SAMORADlogger] [02 dic 2014 - 04:30:15] DEBUG - END-BaseController:actionSetFromJsonToObjectInfoObjImpl 
[SAMORADlogger] [02 dic 2014 - 04:30:15] DEBUG - END-BaseController:chooseChart 
[SAMORADlogger] [02 dic 2014 - 04:30:16] DEBUG - START-BaseController:chooseChart 
[SAMORADlogger] [02 dic 2014 - 04:30:16] DEBUG - START-BaseController:actionSetFromJsonToObjectInfoObjImpl 
[SAMORADlogger] [02 dic 2014 - 04:30:16] DEBUG - START-ServiceMap:ritornaMappaChartInfo 
[SAMORADlogger] [02 dic 2014 - 04:30:16] DEBUG - END-ServiceMap:ritornaMappaChartInfo 
[SAMORADlogger] [02 dic 2014 - 04:30:16] DEBUG - START-BaseController:disableEnableChartButton 
[SAMORADlogger] [02 dic 2014 - 04:30:16] DEBUG - END-BaseController:disableEnableChartButton 
[SAMORADlogger] [02 dic 2014 - 04:30:16] DEBUG - END-BaseController:actionSetFromJsonToObjectInfoObjImpl 
[SAMORADlogger] [02 dic 2014 - 04:30:16] DEBUG - END-BaseController:chooseChart 
[SAMORADlogger] [02 dic 2014 - 04:30:37] DEBUG - START-MappaAllarmiController:updateSogliaAllarmi 
[SAMORADlogger] [02 dic 2014 - 04:30:37] DEBUG - START-ServiceMap:updateSogliaAllarmi 
[SAMORADlogger] [02 dic 2014 - 04:30:37] DEBUG - SOGLIA ALLARME: 0.05 
[SAMORADlogger] [02 dic 2014 - 04:30:37] DEBUG - END-ServiceMap:updateSogliaAllarmi 
[SAMORADlogger] [02 dic 2014 - 04:30:37] DEBUG - START-MappaAllarmiController:init 
[SAMORADlogger] [02 dic 2014 - 04:30:37] DEBUG - START-BaseController:init 
[SAMORADlogger] [02 dic 2014 - 04:30:37] DEBUG - START-ServiceMap:ritornaMappa 
[SAMORADlogger] [02 dic 2014 - 04:30:37] DEBUG - END-ServiceMap:ritornaMappa 
[SAMORADlogger] [02 dic 2014 - 04:30:38] DEBUG - START-BaseController:actionSetFromJsonToObjectInfoObjImpl 
[SAMORADlogger] [02 dic 2014 - 04:30:38] DEBUG - START-ServiceMap:ritornaMappaChartInfo 
[SAMORADlogger] [02 dic 2014 - 04:30:38] DEBUG - END-ServiceMap:ritornaMappaChartInfo 
[SAMORADlogger] [02 dic 2014 - 04:30:38] DEBUG - START-BaseController:disableEnableChartButton 
[SAMORADlogger] [02 dic 2014 - 04:30:38] DEBUG - END-BaseController:disableEnableChartButton 
[SAMORADlogger] [02 dic 2014 - 04:30:38] DEBUG - END-BaseController:actionSetFromJsonToObjectInfoObjImpl 
[SAMORADlogger] [02 dic 2014 - 04:30:38] DEBUG - START-BaseController:chooseChart 
[SAMORADlogger] [02 dic 2014 - 04:30:38] DEBUG - START-BaseController:actionSetFromJsonToObjectInfoObjImpl 
[SAMORADlogger] [02 dic 2014 - 04:30:38] DEBUG - START-ServiceMap:ritornaMappaChartInfo 
[SAMORADlogger] [02 dic 2014 - 04:30:38] DEBUG - END-ServiceMap:ritornaMappaChartInfo 
[SAMORADlogger] [02 dic 2014 - 04:30:38] DEBUG - START-BaseController:disableEnableChartButton 
[SAMORADlogger] [02 dic 2014 - 04:30:38] DEBUG - END-BaseController:disableEnableChartButton 
[SAMORADlogger] [02 dic 2014 - 04:30:38] DEBUG - END-BaseController:actionSetFromJsonToObjectInfoObjImpl 
[SAMORADlogger] [02 dic 2014 - 04:30:38] DEBUG - END-BaseController:chooseChart 
[SAMORADlogger] [02 dic 2014 - 04:30:38] DEBUG - END-BaseController:init 
[SAMORADlogger] [02 dic 2014 - 04:30:38] DEBUG - END-MappaAllarmiController:init 
[SAMORADlogger] [02 dic 2014 - 04:30:38] DEBUG - END-MappaAllarmiController:updateSogliaAllarmi 
[SAMORADlogger] [02 dic 2014 - 04:30:52] DEBUG - START-MappaAllarmiController:init 
[SAMORADlogger] [02 dic 2014 - 04:30:52] DEBUG - START-BaseController:init 
[SAMORADlogger] [02 dic 2014 - 04:30:52] DEBUG - START-ServiceMap:ritornaMappa 
[SAMORADlogger] [02 dic 2014 - 04:30:52] DEBUG - END-ServiceMap:ritornaMappa 
[SAMORADlogger] [02 dic 2014 - 04:30:52] DEBUG - START-BaseController:actionSetFromJsonToObjectInfoObjImpl 
[SAMORADlogger] [02 dic 2014 - 04:30:53] DEBUG - START-ServiceMap:ritornaMappaChartInfo 
[SAMORADlogger] [02 dic 2014 - 04:30:53] DEBUG - END-ServiceMap:ritornaMappaChartInfo 
[SAMORADlogger] [02 dic 2014 - 04:30:53] DEBUG - START-BaseController:disableEnableChartButton 
[SAMORADlogger] [02 dic 2014 - 04:30:53] DEBUG - END-BaseController:disableEnableChartButton 
[SAMORADlogger] [02 dic 2014 - 04:30:53] DEBUG - END-BaseController:actionSetFromJsonToObjectInfoObjImpl 
[SAMORADlogger] [02 dic 2014 - 04:30:53] DEBUG - START-BaseController:chooseChart 
[SAMORADlogger] [02 dic 2014 - 04:30:53] DEBUG - START-BaseController:actionSetFromJsonToObjectInfoObjImpl 
[SAMORADlogger] [02 dic 2014 - 04:30:53] DEBUG - START-ServiceMap:ritornaMappaChartInfo 
[SAMORADlogger] [02 dic 2014 - 04:30:53] DEBUG - END-ServiceMap:ritornaMappaChartInfo 
[SAMORADlogger] [02 dic 2014 - 04:30:53] DEBUG - START-BaseController:disableEnableChartButton 
[SAMORADlogger] [02 dic 2014 - 04:30:53] DEBUG - END-BaseController:disableEnableChartButton 
[SAMORADlogger] [02 dic 2014 - 04:30:53] DEBUG - END-BaseController:actionSetFromJsonToObjectInfoObjImpl 
[SAMORADlogger] [02 dic 2014 - 04:30:53] DEBUG - END-BaseController:chooseChart 
[SAMORADlogger] [02 dic 2014 - 04:30:53] DEBUG - END-BaseController:init 
[SAMORADlogger] [02 dic 2014 - 04:30:53] DEBUG - END-MappaAllarmiController:init 
[SAMORADlogger] [02 dic 2014 - 04:31:01] DEBUG - START-BaseController:chooseChart 
[SAMORADlogger] [02 dic 2014 - 04:31:01] DEBUG - START-BaseController:actionSetFromJsonToObjectInfoObjImpl 
[SAMORADlogger] [02 dic 2014 - 04:31:01] DEBUG - START-ServiceMap:ritornaMappaChartInfo 
[SAMORADlogger] [02 dic 2014 - 04:31:01] DEBUG - END-ServiceMap:ritornaMappaChartInfo 
[SAMORADlogger] [02 dic 2014 - 04:31:01] DEBUG - START-BaseController:disableEnableChartButton 
[SAMORADlogger] [02 dic 2014 - 04:31:01] DEBUG - END-BaseController:disableEnableChartButton 
[SAMORADlogger] [02 dic 2014 - 04:31:01] DEBUG - END-BaseController:actionSetFromJsonToObjectInfoObjImpl 
[SAMORADlogger] [02 dic 2014 - 04:31:01] DEBUG - END-BaseController:chooseChart 
[SAMORADlogger] [02 dic 2014 - 04:31:02] DEBUG - START-BaseController:chooseChart 
[SAMORADlogger] [02 dic 2014 - 04:31:02] DEBUG - START-BaseController:actionSetFromJsonToObjectInfoObjImpl 
[SAMORADlogger] [02 dic 2014 - 04:31:02] DEBUG - START-ServiceMap:ritornaMappaChartInfo 
[SAMORADlogger] [02 dic 2014 - 04:31:02] DEBUG - END-ServiceMap:ritornaMappaChartInfo 
[SAMORADlogger] [02 dic 2014 - 04:31:02] DEBUG - START-BaseController:disableEnableChartButton 
[SAMORADlogger] [02 dic 2014 - 04:31:02] DEBUG - END-BaseController:disableEnableChartButton 
[SAMORADlogger] [02 dic 2014 - 04:31:02] DEBUG - END-BaseController:actionSetFromJsonToObjectInfoObjImpl 
[SAMORADlogger] [02 dic 2014 - 04:31:02] DEBUG - END-BaseController:chooseChart 
[SAMORADlogger] [02 dic 2014 - 04:31:58] DEBUG - START-MappaAllarmiController:updateSogliaAllarmi 
[SAMORADlogger] [02 dic 2014 - 04:31:58] DEBUG - START-ServiceMap:updateSogliaAllarmi 
[SAMORADlogger] [02 dic 2014 - 04:31:58] DEBUG - SOGLIA ALLARME: 0.02 
[SAMORADlogger] [02 dic 2014 - 04:31:58] DEBUG - END-ServiceMap:updateSogliaAllarmi 
[SAMORADlogger] [02 dic 2014 - 04:31:58] DEBUG - START-MappaAllarmiController:init 
[SAMORADlogger] [02 dic 2014 - 04:31:58] DEBUG - START-BaseController:init 
[SAMORADlogger] [02 dic 2014 - 04:31:58] DEBUG - START-ServiceMap:ritornaMappa 
[SAMORADlogger] [02 dic 2014 - 04:31:59] DEBUG - END-ServiceMap:ritornaMappa 
[SAMORADlogger] [02 dic 2014 - 04:31:59] DEBUG - START-BaseController:actionSetFromJsonToObjectInfoObjImpl 
[SAMORADlogger] [02 dic 2014 - 04:31:59] DEBUG - START-ServiceMap:ritornaMappaChartInfo 
[SAMORADlogger] [02 dic 2014 - 04:31:59] DEBUG - END-ServiceMap:ritornaMappaChartInfo 
[SAMORADlogger] [02 dic 2014 - 04:31:59] DEBUG - START-BaseController:disableEnableChartButton 
[SAMORADlogger] [02 dic 2014 - 04:31:59] DEBUG - END-BaseController:disableEnableChartButton 
[SAMORADlogger] [02 dic 2014 - 04:31:59] DEBUG - END-BaseController:actionSetFromJsonToObjectInfoObjImpl 
[SAMORADlogger] [02 dic 2014 - 04:31:59] DEBUG - START-BaseController:chooseChart 
[SAMORADlogger] [02 dic 2014 - 04:31:59] DEBUG - START-BaseController:actionSetFromJsonToObjectInfoObjImpl 
[SAMORADlogger] [02 dic 2014 - 04:31:59] DEBUG - START-ServiceMap:ritornaMappaChartInfo 
[SAMORADlogger] [02 dic 2014 - 04:31:59] DEBUG - END-ServiceMap:ritornaMappaChartInfo 
[SAMORADlogger] [02 dic 2014 - 04:31:59] DEBUG - START-BaseController:disableEnableChartButton 
[SAMORADlogger] [02 dic 2014 - 04:31:59] DEBUG - END-BaseController:disableEnableChartButton 
[SAMORADlogger] [02 dic 2014 - 04:31:59] DEBUG - END-BaseController:actionSetFromJsonToObjectInfoObjImpl 
[SAMORADlogger] [02 dic 2014 - 04:31:59] DEBUG - END-BaseController:chooseChart 
[SAMORADlogger] [02 dic 2014 - 04:31:59] DEBUG - END-BaseController:init 
[SAMORADlogger] [02 dic 2014 - 04:31:59] DEBUG - END-MappaAllarmiController:init 
[SAMORADlogger] [02 dic 2014 - 04:31:59] DEBUG - END-MappaAllarmiController:updateSogliaAllarmi 
[SAMORADlogger] [02 dic 2014 - 04:32:14] DEBUG - START-MappaAllarmiController:updateSogliaAllarmi 
[SAMORADlogger] [02 dic 2014 - 04:32:14] DEBUG - START-ServiceMap:updateSogliaAllarmi 
[SAMORADlogger] [02 dic 2014 - 04:32:14] DEBUG - SOGLIA ALLARME: 0.03 
[SAMORADlogger] [02 dic 2014 - 04:32:14] DEBUG - END-ServiceMap:updateSogliaAllarmi 
[SAMORADlogger] [02 dic 2014 - 04:32:14] DEBUG - START-MappaAllarmiController:init 
[SAMORADlogger] [02 dic 2014 - 04:32:14] DEBUG - START-BaseController:init 
[SAMORADlogger] [02 dic 2014 - 04:32:14] DEBUG - START-ServiceMap:ritornaMappa 
[SAMORADlogger] [02 dic 2014 - 04:32:15] DEBUG - END-ServiceMap:ritornaMappa 
[SAMORADlogger] [02 dic 2014 - 04:32:15] DEBUG - START-BaseController:actionSetFromJsonToObjectInfoObjImpl 
[SAMORADlogger] [02 dic 2014 - 04:32:15] DEBUG - START-ServiceMap:ritornaMappaChartInfo 
[SAMORADlogger] [02 dic 2014 - 04:32:15] DEBUG - END-ServiceMap:ritornaMappaChartInfo 
[SAMORADlogger] [02 dic 2014 - 04:32:15] DEBUG - START-BaseController:disableEnableChartButton 
[SAMORADlogger] [02 dic 2014 - 04:32:15] DEBUG - END-BaseController:disableEnableChartButton 
[SAMORADlogger] [02 dic 2014 - 04:32:15] DEBUG - END-BaseController:actionSetFromJsonToObjectInfoObjImpl 
[SAMORADlogger] [02 dic 2014 - 04:32:15] DEBUG - START-BaseController:chooseChart 
[SAMORADlogger] [02 dic 2014 - 04:32:15] DEBUG - START-BaseController:actionSetFromJsonToObjectInfoObjImpl 
[SAMORADlogger] [02 dic 2014 - 04:32:15] DEBUG - START-ServiceMap:ritornaMappaChartInfo 
[SAMORADlogger] [02 dic 2014 - 04:32:15] DEBUG - END-ServiceMap:ritornaMappaChartInfo 
[SAMORADlogger] [02 dic 2014 - 04:32:15] DEBUG - START-BaseController:disableEnableChartButton 
[SAMORADlogger] [02 dic 2014 - 04:32:15] DEBUG - END-BaseController:disableEnableChartButton 
[SAMORADlogger] [02 dic 2014 - 04:32:15] DEBUG - END-BaseController:actionSetFromJsonToObjectInfoObjImpl 
[SAMORADlogger] [02 dic 2014 - 04:32:15] DEBUG - END-BaseController:chooseChart 
[SAMORADlogger] [02 dic 2014 - 04:32:15] DEBUG - END-BaseController:init 
[SAMORADlogger] [02 dic 2014 - 04:32:15] DEBUG - END-MappaAllarmiController:init 
[SAMORADlogger] [02 dic 2014 - 04:32:15] DEBUG - END-MappaAllarmiController:updateSogliaAllarmi 
[SAMORADlogger] [02 dic 2014 - 05:17:47] DEBUG - START-LoginPageController:init 
[SAMORADlogger] [02 dic 2014 - 05:17:47] DEBUG - END-LoginPageController:init 
[SAMORADlogger] [02 dic 2014 - 05:17:48] DEBUG - START-LoginPageController:entra 
[SAMORADlogger] [02 dic 2014 - 05:17:48] DEBUG - START-ServiceMap:loginAccess 
[SAMORADlogger] [02 dic 2014 - 05:17:48] DEBUG - ID: 1Nome user: UserCognome User: UserSoglia allarme: 0.03 
[SAMORADlogger] [02 dic 2014 - 05:17:48] DEBUG - END-ServiceMap:loginAccess 
[SAMORADlogger] [02 dic 2014 - 05:17:48] DEBUG - END-LoginPageController:entra 
[SAMORADlogger] [02 dic 2014 - 05:17:48] DEBUG - START-FileVoloController:init 
[SAMORADlogger] [02 dic 2014 - 05:17:48] DEBUG - START-ServiceMap:retunIntestazioneFileStoredInDB 
[SAMORADlogger] [02 dic 2014 - 05:17:48] DEBUG - END-ServiceMap:retunIntestazioneFileStoredInDB 
[SAMORADlogger] [02 dic 2014 - 05:17:48] DEBUG - END-FileVoloController:init 
[SAMORADlogger] [02 dic 2014 - 05:17:48] DEBUG - START-FileVoloController:enableButtonAnnulla 
[SAMORADlogger] [02 dic 2014 - 05:17:48] DEBUG - END-FileVoloController:enableButtonAnnulla 
[SAMORADlogger] [02 dic 2014 - 05:17:53] DEBUG - START-FileVoloController:onChoseRadio 
[SAMORADlogger] [02 dic 2014 - 05:17:53] DEBUG - END-FileVoloController:onChoseRadio 
[SAMORADlogger] [02 dic 2014 - 05:17:53] DEBUG - START-FileVoloController:enableButtonAnnulla 
[SAMORADlogger] [02 dic 2014 - 05:17:53] DEBUG - END-FileVoloController:enableButtonAnnulla 
[SAMORADlogger] [02 dic 2014 - 05:17:55] DEBUG - START-FileVoloController:esploraMappa 
[SAMORADlogger] [02 dic 2014 - 05:17:55] DEBUG - END-FileVoloController:esploraMappa 
[SAMORADlogger] [02 dic 2014 - 05:17:56] DEBUG - START-MappaGeneraleController:init 
[SAMORADlogger] [02 dic 2014 - 05:17:56] DEBUG - START-BaseController:init 
[SAMORADlogger] [02 dic 2014 - 05:17:56] DEBUG - START-ServiceMap:ritornaMappa 
[SAMORADlogger] [02 dic 2014 - 05:17:57] DEBUG - END-ServiceMap:ritornaMappa 
[SAMORADlogger] [02 dic 2014 - 05:17:57] DEBUG - START-BaseController:actionSetFromJsonToObjectInfoObjImpl 
[SAMORADlogger] [02 dic 2014 - 05:17:57] DEBUG - START-ServiceMap:ritornaMappaChartInfo 
[SAMORADlogger] [02 dic 2014 - 05:17:57] DEBUG - END-ServiceMap:ritornaMappaChartInfo 
[SAMORADlogger] [02 dic 2014 - 05:17:57] DEBUG - START-BaseController:disableEnableChartButton 
[SAMORADlogger] [02 dic 2014 - 05:17:57] DEBUG - END-BaseController:disableEnableChartButton 
[SAMORADlogger] [02 dic 2014 - 05:17:57] DEBUG - END-BaseController:actionSetFromJsonToObjectInfoObjImpl 
[SAMORADlogger] [02 dic 2014 - 05:17:57] DEBUG - START-BaseController:chooseChart 
[SAMORADlogger] [02 dic 2014 - 05:17:57] DEBUG - START-BaseController:actionSetFromJsonToObjectInfoObjImpl 
[SAMORADlogger] [02 dic 2014 - 05:17:57] DEBUG - START-ServiceMap:ritornaMappaChartInfo 
[SAMORADlogger] [02 dic 2014 - 05:17:57] DEBUG - END-ServiceMap:ritornaMappaChartInfo 
[SAMORADlogger] [02 dic 2014 - 05:17:57] DEBUG - START-BaseController:disableEnableChartButton 
[SAMORADlogger] [02 dic 2014 - 05:17:57] DEBUG - END-BaseController:disableEnableChartButton 
[SAMORADlogger] [02 dic 2014 - 05:17:57] DEBUG - END-BaseController:actionSetFromJsonToObjectInfoObjImpl 
[SAMORADlogger] [02 dic 2014 - 05:17:57] DEBUG - END-BaseController:chooseChart 
[SAMORADlogger] [02 dic 2014 - 05:17:57] DEBUG - END-BaseController:init 
[SAMORADlogger] [02 dic 2014 - 05:17:57] DEBUG - END-MappaGeneraleController:init 
[SAMORADlogger] [02 dic 2014 - 05:18:03] DEBUG - START-MappaConcentrazioniController:init 
[SAMORADlogger] [02 dic 2014 - 05:18:03] DEBUG - START-BaseController:init 
[SAMORADlogger] [02 dic 2014 - 05:18:03] DEBUG - START-ServiceMap:ritornaMappa 
[SAMORADlogger] [02 dic 2014 - 05:18:05] DEBUG - END-ServiceMap:ritornaMappa 
[SAMORADlogger] [02 dic 2014 - 05:18:05] DEBUG - START-BaseController:actionSetFromJsonToObjectInfoObjImpl 
[SAMORADlogger] [02 dic 2014 - 05:18:05] DEBUG - START-ServiceMap:ritornaMappaChartInfo 
[SAMORADlogger] [02 dic 2014 - 05:18:05] DEBUG - END-ServiceMap:ritornaMappaChartInfo 
[SAMORADlogger] [02 dic 2014 - 05:18:05] DEBUG - START-BaseController:disableEnableChartButton 
[SAMORADlogger] [02 dic 2014 - 05:18:05] DEBUG - END-BaseController:disableEnableChartButton 
[SAMORADlogger] [02 dic 2014 - 05:18:05] DEBUG - END-BaseController:actionSetFromJsonToObjectInfoObjImpl 
[SAMORADlogger] [02 dic 2014 - 05:18:05] DEBUG - START-BaseController:chooseChart 
[SAMORADlogger] [02 dic 2014 - 05:18:05] DEBUG - START-BaseController:actionSetFromJsonToObjectInfoObjImpl 
[SAMORADlogger] [02 dic 2014 - 05:18:05] DEBUG - START-ServiceMap:ritornaMappaChartInfo 
[SAMORADlogger] [02 dic 2014 - 05:18:05] DEBUG - END-ServiceMap:ritornaMappaChartInfo 
[SAMORADlogger] [02 dic 2014 - 05:18:05] DEBUG - START-BaseController:disableEnableChartButton 
[SAMORADlogger] [02 dic 2014 - 05:18:05] DEBUG - END-BaseController:disableEnableChartButton 
[SAMORADlogger] [02 dic 2014 - 05:18:05] DEBUG - END-BaseController:actionSetFromJsonToObjectInfoObjImpl 
[SAMORADlogger] [02 dic 2014 - 05:18:05] DEBUG - END-BaseController:chooseChart 
[SAMORADlogger] [02 dic 2014 - 05:18:05] DEBUG - END-BaseController:init 
[SAMORADlogger] [02 dic 2014 - 05:18:05] DEBUG - END-MappaConcentrazioniController:init 
[SAMORADlogger] [02 dic 2014 - 05:19:57] DEBUG - START-MappaAllarmiController:init 
[SAMORADlogger] [02 dic 2014 - 05:19:57] DEBUG - START-BaseController:init 
[SAMORADlogger] [02 dic 2014 - 05:19:57] DEBUG - START-ServiceMap:ritornaMappa 
[SAMORADlogger] [02 dic 2014 - 05:19:58] DEBUG - END-ServiceMap:ritornaMappa 
[SAMORADlogger] [02 dic 2014 - 05:19:58] DEBUG - START-BaseController:actionSetFromJsonToObjectInfoObjImpl 
[SAMORADlogger] [02 dic 2014 - 05:19:58] DEBUG - START-ServiceMap:ritornaMappaChartInfo 
[SAMORADlogger] [02 dic 2014 - 05:19:58] DEBUG - END-ServiceMap:ritornaMappaChartInfo 
[SAMORADlogger] [02 dic 2014 - 05:19:58] DEBUG - START-BaseController:disableEnableChartButton 
[SAMORADlogger] [02 dic 2014 - 05:19:58] DEBUG - END-BaseController:disableEnableChartButton 
[SAMORADlogger] [02 dic 2014 - 05:19:58] DEBUG - END-BaseController:actionSetFromJsonToObjectInfoObjImpl 
[SAMORADlogger] [02 dic 2014 - 05:19:58] DEBUG - START-BaseController:chooseChart 
[SAMORADlogger] [02 dic 2014 - 05:19:58] DEBUG - START-BaseController:actionSetFromJsonToObjectInfoObjImpl 
[SAMORADlogger] [02 dic 2014 - 05:19:58] DEBUG - START-ServiceMap:ritornaMappaChartInfo 
[SAMORADlogger] [02 dic 2014 - 05:19:58] DEBUG - END-ServiceMap:ritornaMappaChartInfo 
[SAMORADlogger] [02 dic 2014 - 05:19:58] DEBUG - START-BaseController:disableEnableChartButton 
[SAMORADlogger] [02 dic 2014 - 05:19:58] DEBUG - END-BaseController:disableEnableChartButton 
[SAMORADlogger] [02 dic 2014 - 05:19:58] DEBUG - END-BaseController:actionSetFromJsonToObjectInfoObjImpl 
[SAMORADlogger] [02 dic 2014 - 05:19:58] DEBUG - END-BaseController:chooseChart 
[SAMORADlogger] [02 dic 2014 - 05:19:58] DEBUG - END-BaseController:init 
[SAMORADlogger] [02 dic 2014 - 05:19:58] DEBUG - END-MappaAllarmiController:init 
[SAMORADlogger] [02 dic 2014 - 05:20:06] DEBUG - START-BaseController:chooseChart 
[SAMORADlogger] [02 dic 2014 - 05:20:06] DEBUG - START-BaseController:actionSetFromJsonToObjectInfoObjImpl 
[SAMORADlogger] [02 dic 2014 - 05:20:06] DEBUG - START-ServiceMap:ritornaMappaChartInfo 
[SAMORADlogger] [02 dic 2014 - 05:20:06] DEBUG - END-ServiceMap:ritornaMappaChartInfo 
[SAMORADlogger] [02 dic 2014 - 05:20:06] DEBUG - START-BaseController:disableEnableChartButton 
[SAMORADlogger] [02 dic 2014 - 05:20:06] DEBUG - END-BaseController:disableEnableChartButton 
[SAMORADlogger] [02 dic 2014 - 05:20:06] DEBUG - END-BaseController:actionSetFromJsonToObjectInfoObjImpl 
[SAMORADlogger] [02 dic 2014 - 05:20:06] DEBUG - END-BaseController:chooseChart 
[SAMORADlogger] [02 dic 2014 - 05:20:07] DEBUG - START-BaseController:chooseChart 
[SAMORADlogger] [02 dic 2014 - 05:20:07] DEBUG - START-BaseController:actionSetFromJsonToObjectInfoObjImpl 
[SAMORADlogger] [02 dic 2014 - 05:20:07] DEBUG - START-ServiceMap:ritornaMappaChartInfo 
[SAMORADlogger] [02 dic 2014 - 05:20:07] DEBUG - END-ServiceMap:ritornaMappaChartInfo 
[SAMORADlogger] [02 dic 2014 - 05:20:07] DEBUG - START-BaseController:disableEnableChartButton 
[SAMORADlogger] [02 dic 2014 - 05:20:07] DEBUG - END-BaseController:disableEnableChartButton 
[SAMORADlogger] [02 dic 2014 - 05:20:07] DEBUG - END-BaseController:actionSetFromJsonToObjectInfoObjImpl 
[SAMORADlogger] [02 dic 2014 - 05:20:07] DEBUG - END-BaseController:chooseChart 
[SAMORADlogger] [02 dic 2014 - 05:21:37] DEBUG - START-MappaAllarmiController:updateSogliaAllarmi 
[SAMORADlogger] [02 dic 2014 - 05:21:37] DEBUG - START-ServiceMap:updateSogliaAllarmi 
[SAMORADlogger] [02 dic 2014 - 05:21:37] DEBUG - SOGLIA ALLARME: 0.05 
[SAMORADlogger] [02 dic 2014 - 05:21:37] DEBUG - END-ServiceMap:updateSogliaAllarmi 
[SAMORADlogger] [02 dic 2014 - 05:21:37] DEBUG - START-MappaAllarmiController:init 
[SAMORADlogger] [02 dic 2014 - 05:21:37] DEBUG - START-BaseController:init 
[SAMORADlogger] [02 dic 2014 - 05:21:37] DEBUG - START-ServiceMap:ritornaMappa 
[SAMORADlogger] [02 dic 2014 - 05:21:38] DEBUG - END-ServiceMap:ritornaMappa 
[SAMORADlogger] [02 dic 2014 - 05:21:38] DEBUG - START-BaseController:actionSetFromJsonToObjectInfoObjImpl 
[SAMORADlogger] [02 dic 2014 - 05:21:38] DEBUG - START-ServiceMap:ritornaMappaChartInfo 
[SAMORADlogger] [02 dic 2014 - 05:21:38] DEBUG - END-ServiceMap:ritornaMappaChartInfo 
[SAMORADlogger] [02 dic 2014 - 05:21:38] DEBUG - START-BaseController:disableEnableChartButton 
[SAMORADlogger] [02 dic 2014 - 05:21:38] DEBUG - END-BaseController:disableEnableChartButton 
[SAMORADlogger] [02 dic 2014 - 05:21:38] DEBUG - END-BaseController:actionSetFromJsonToObjectInfoObjImpl 
[SAMORADlogger] [02 dic 2014 - 05:21:38] DEBUG - START-BaseController:chooseChart 
[SAMORADlogger] [02 dic 2014 - 05:21:38] DEBUG - START-BaseController:actionSetFromJsonToObjectInfoObjImpl 
[SAMORADlogger] [02 dic 2014 - 05:21:38] DEBUG - START-ServiceMap:ritornaMappaChartInfo 
[SAMORADlogger] [02 dic 2014 - 05:21:38] DEBUG - END-ServiceMap:ritornaMappaChartInfo 
[SAMORADlogger] [02 dic 2014 - 05:21:38] DEBUG - START-BaseController:disableEnableChartButton 
[SAMORADlogger] [02 dic 2014 - 05:21:38] DEBUG - END-BaseController:disableEnableChartButton 
[SAMORADlogger] [02 dic 2014 - 05:21:38] DEBUG - END-BaseController:actionSetFromJsonToObjectInfoObjImpl 
[SAMORADlogger] [02 dic 2014 - 05:21:38] DEBUG - END-BaseController:chooseChart 
[SAMORADlogger] [02 dic 2014 - 05:21:38] DEBUG - END-BaseController:init 
[SAMORADlogger] [02 dic 2014 - 05:21:38] DEBUG - END-MappaAllarmiController:init 
[SAMORADlogger] [02 dic 2014 - 05:21:38] DEBUG - END-MappaAllarmiController:updateSogliaAllarmi 
[SAMORADlogger] [02 dic 2014 - 05:21:55] DEBUG - START-MappaAllarmiController:init 
[SAMORADlogger] [02 dic 2014 - 05:21:55] DEBUG - START-BaseController:init 
[SAMORADlogger] [02 dic 2014 - 05:21:55] DEBUG - START-ServiceMap:ritornaMappa 
[SAMORADlogger] [02 dic 2014 - 05:21:56] DEBUG - END-ServiceMap:ritornaMappa 
[SAMORADlogger] [02 dic 2014 - 05:21:56] DEBUG - START-BaseController:actionSetFromJsonToObjectInfoObjImpl 
[SAMORADlogger] [02 dic 2014 - 05:21:56] DEBUG - START-ServiceMap:ritornaMappaChartInfo 
[SAMORADlogger] [02 dic 2014 - 05:21:56] DEBUG - END-ServiceMap:ritornaMappaChartInfo 
[SAMORADlogger] [02 dic 2014 - 05:21:56] DEBUG - START-BaseController:disableEnableChartButton 
[SAMORADlogger] [02 dic 2014 - 05:21:56] DEBUG - END-BaseController:disableEnableChartButton 
[SAMORADlogger] [02 dic 2014 - 05:21:56] DEBUG - END-BaseController:actionSetFromJsonToObjectInfoObjImpl 
[SAMORADlogger] [02 dic 2014 - 05:21:56] DEBUG - START-BaseController:chooseChart 
[SAMORADlogger] [02 dic 2014 - 05:21:56] DEBUG - START-BaseController:actionSetFromJsonToObjectInfoObjImpl 
[SAMORADlogger] [02 dic 2014 - 05:21:56] DEBUG - START-ServiceMap:ritornaMappaChartInfo 
[SAMORADlogger] [02 dic 2014 - 05:21:56] DEBUG - END-ServiceMap:ritornaMappaChartInfo 
[SAMORADlogger] [02 dic 2014 - 05:21:56] DEBUG - START-BaseController:disableEnableChartButton 
[SAMORADlogger] [02 dic 2014 - 05:21:56] DEBUG - END-BaseController:disableEnableChartButton 
[SAMORADlogger] [02 dic 2014 - 05:21:56] DEBUG - END-BaseController:actionSetFromJsonToObjectInfoObjImpl 
[SAMORADlogger] [02 dic 2014 - 05:21:56] DEBUG - END-BaseController:chooseChart 
[SAMORADlogger] [02 dic 2014 - 05:21:56] DEBUG - END-BaseController:init 
[SAMORADlogger] [02 dic 2014 - 05:21:56] DEBUG - END-MappaAllarmiController:init 
[SAMORADlogger] [02 dic 2014 - 05:22:05] DEBUG - START-BaseController:chooseChart 
[SAMORADlogger] [02 dic 2014 - 05:22:05] DEBUG - START-BaseController:actionSetFromJsonToObjectInfoObjImpl 
[SAMORADlogger] [02 dic 2014 - 05:22:05] DEBUG - START-ServiceMap:ritornaMappaChartInfo 
[SAMORADlogger] [02 dic 2014 - 05:22:05] DEBUG - END-ServiceMap:ritornaMappaChartInfo 
[SAMORADlogger] [02 dic 2014 - 05:22:05] DEBUG - START-BaseController:disableEnableChartButton 
[SAMORADlogger] [02 dic 2014 - 05:22:05] DEBUG - END-BaseController:disableEnableChartButton 
[SAMORADlogger] [02 dic 2014 - 05:22:05] DEBUG - END-BaseController:actionSetFromJsonToObjectInfoObjImpl 
[SAMORADlogger] [02 dic 2014 - 05:22:05] DEBUG - END-BaseController:chooseChart 
[SAMORADlogger] [02 dic 2014 - 05:22:06] DEBUG - START-BaseController:chooseChart 
[SAMORADlogger] [02 dic 2014 - 05:22:06] DEBUG - START-BaseController:actionSetFromJsonToObjectInfoObjImpl 
[SAMORADlogger] [02 dic 2014 - 05:22:06] DEBUG - START-ServiceMap:ritornaMappaChartInfo 
[SAMORADlogger] [02 dic 2014 - 05:22:06] DEBUG - END-ServiceMap:ritornaMappaChartInfo 
[SAMORADlogger] [02 dic 2014 - 05:22:06] DEBUG - START-BaseController:disableEnableChartButton 
[SAMORADlogger] [02 dic 2014 - 05:22:06] DEBUG - END-BaseController:disableEnableChartButton 
[SAMORADlogger] [02 dic 2014 - 05:22:06] DEBUG - END-BaseController:actionSetFromJsonToObjectInfoObjImpl 
[SAMORADlogger] [02 dic 2014 - 05:22:06] DEBUG - END-BaseController:chooseChart 
[SAMORADlogger] [02 dic 2014 - 05:22:36] DEBUG - START-BaseController:chooseChart 
[SAMORADlogger] [02 dic 2014 - 05:22:36] DEBUG - START-BaseController:actionSetFromJsonToObjectInfoObjImpl 
[SAMORADlogger] [02 dic 2014 - 05:22:36] DEBUG - START-ServiceMap:ritornaMappaChartInfo 
[SAMORADlogger] [02 dic 2014 - 05:22:36] DEBUG - END-ServiceMap:ritornaMappaChartInfo 
[SAMORADlogger] [02 dic 2014 - 05:22:36] DEBUG - START-BaseController:disableEnableChartButton 
[SAMORADlogger] [02 dic 2014 - 05:22:36] DEBUG - END-BaseController:disableEnableChartButton 
[SAMORADlogger] [02 dic 2014 - 05:22:36] DEBUG - END-BaseController:actionSetFromJsonToObjectInfoObjImpl 
[SAMORADlogger] [02 dic 2014 - 05:22:36] DEBUG - END-BaseController:chooseChart 
[SAMORADlogger] [02 dic 2014 - 05:22:37] DEBUG - START-BaseController:chooseChart 
[SAMORADlogger] [02 dic 2014 - 05:22:37] DEBUG - START-BaseController:actionSetFromJsonToObjectInfoObjImpl 
[SAMORADlogger] [02 dic 2014 - 05:22:37] DEBUG - START-ServiceMap:ritornaMappaChartInfo 
[SAMORADlogger] [02 dic 2014 - 05:22:37] DEBUG - END-ServiceMap:ritornaMappaChartInfo 
[SAMORADlogger] [02 dic 2014 - 05:22:37] DEBUG - START-BaseController:disableEnableChartButton 
[SAMORADlogger] [02 dic 2014 - 05:22:37] DEBUG - END-BaseController:disableEnableChartButton 
[SAMORADlogger] [02 dic 2014 - 05:22:37] DEBUG - END-BaseController:actionSetFromJsonToObjectInfoObjImpl 
[SAMORADlogger] [02 dic 2014 - 05:22:37] DEBUG - END-BaseController:chooseChart 
[SAMORADlogger] [02 dic 2014 - 05:22:48] DEBUG - START-BaseController:itemSelect 
[SAMORADlogger] [02 dic 2014 - 05:22:48] DEBUG - START-BaseController:selectOraioChart 
[SAMORADlogger] [02 dic 2014 - 05:22:48] DEBUG - START-BaseController:chooseChart 
[SAMORADlogger] [02 dic 2014 - 05:22:48] DEBUG - START-BaseController:actionSetFromJsonToObjectInfoObjImpl 
[SAMORADlogger] [02 dic 2014 - 05:22:48] DEBUG - START-ServiceMap:ritornaMappaChartInfo 
[SAMORADlogger] [02 dic 2014 - 05:22:48] DEBUG - END-ServiceMap:ritornaMappaChartInfo 
[SAMORADlogger] [02 dic 2014 - 05:22:48] DEBUG - START-BaseController:disableEnableChartButton 
[SAMORADlogger] [02 dic 2014 - 05:22:48] DEBUG - END-BaseController:disableEnableChartButton 
[SAMORADlogger] [02 dic 2014 - 05:22:48] DEBUG - END-BaseController:actionSetFromJsonToObjectInfoObjImpl 
[SAMORADlogger] [02 dic 2014 - 05:22:48] DEBUG - END-BaseController:chooseChart 
[SAMORADlogger] [02 dic 2014 - 05:22:48] DEBUG - START-BaseController:disableEnableChartButton 
[SAMORADlogger] [02 dic 2014 - 05:22:48] DEBUG - END-BaseController:disableEnableChartButton 
[SAMORADlogger] [02 dic 2014 - 05:22:48] DEBUG - START-BaseController:actionSetFromJsonToObjectInfoObjImpl 
[SAMORADlogger] [02 dic 2014 - 05:22:48] DEBUG - START-ServiceMap:ritornaMappaChartInfo 
[SAMORADlogger] [02 dic 2014 - 05:22:48] DEBUG - END-ServiceMap:ritornaMappaChartInfo 
[SAMORADlogger] [02 dic 2014 - 05:22:48] DEBUG - START-BaseController:disableEnableChartButton 
[SAMORADlogger] [02 dic 2014 - 05:22:48] DEBUG - END-BaseController:disableEnableChartButton 
[SAMORADlogger] [02 dic 2014 - 05:22:48] DEBUG - END-BaseController:actionSetFromJsonToObjectInfoObjImpl 
[SAMORADlogger] [02 dic 2014 - 05:22:48] DEBUG - END-BaseController:selectOraioChart 
[SAMORADlogger] [02 dic 2014 - 05:22:48] DEBUG - END-BaseController:itemSelect 
[SAMORADlogger] [02 dic 2014 - 05:28:50] DEBUG - START-LoginPageController:init 
[SAMORADlogger] [02 dic 2014 - 05:28:50] DEBUG - END-LoginPageController:init 
[SAMORADlogger] [02 dic 2014 - 05:28:52] DEBUG - START-LoginPageController:entra 
[SAMORADlogger] [02 dic 2014 - 05:28:52] DEBUG - START-ServiceMap:loginAccess 
[SAMORADlogger] [02 dic 2014 - 05:28:52] DEBUG - ID: 1Nome user: UserCognome User: UserSoglia allarme: 0.05 
[SAMORADlogger] [02 dic 2014 - 05:28:52] DEBUG - END-ServiceMap:loginAccess 
[SAMORADlogger] [02 dic 2014 - 05:28:52] DEBUG - END-LoginPageController:entra 
[SAMORADlogger] [02 dic 2014 - 05:28:52] DEBUG - START-FileVoloController:init 
[SAMORADlogger] [02 dic 2014 - 05:28:52] DEBUG - START-ServiceMap:retunIntestazioneFileStoredInDB 
[SAMORADlogger] [02 dic 2014 - 05:28:52] DEBUG - END-ServiceMap:retunIntestazioneFileStoredInDB 
[SAMORADlogger] [02 dic 2014 - 05:28:52] DEBUG - END-FileVoloController:init 
[SAMORADlogger] [02 dic 2014 - 05:28:52] DEBUG - START-FileVoloController:enableButtonAnnulla 
[SAMORADlogger] [02 dic 2014 - 05:28:52] DEBUG - END-FileVoloController:enableButtonAnnulla 
[SAMORADlogger] [02 dic 2014 - 05:28:54] DEBUG - START-FileVoloController:onChoseRadio 
[SAMORADlogger] [02 dic 2014 - 05:28:54] DEBUG - END-FileVoloController:onChoseRadio 
[SAMORADlogger] [02 dic 2014 - 05:28:54] DEBUG - START-FileVoloController:enableButtonAnnulla 
[SAMORADlogger] [02 dic 2014 - 05:28:54] DEBUG - END-FileVoloController:enableButtonAnnulla 
[SAMORADlogger] [02 dic 2014 - 05:28:57] DEBUG - START-FileVoloController:esploraMappa 
[SAMORADlogger] [02 dic 2014 - 05:28:57] DEBUG - END-FileVoloController:esploraMappa 
[SAMORADlogger] [02 dic 2014 - 05:28:57] DEBUG - START-MappaGeneraleController:init 
[SAMORADlogger] [02 dic 2014 - 05:28:57] DEBUG - START-BaseController:init 
[SAMORADlogger] [02 dic 2014 - 05:28:57] DEBUG - START-ServiceMap:ritornaMappa 
[SAMORADlogger] [02 dic 2014 - 05:28:58] DEBUG - END-ServiceMap:ritornaMappa 
[SAMORADlogger] [02 dic 2014 - 05:28:59] DEBUG - START-BaseController:actionSetFromJsonToObjectInfoObjImpl 
[SAMORADlogger] [02 dic 2014 - 05:28:59] DEBUG - START-ServiceMap:ritornaMappaChartInfo 
[SAMORADlogger] [02 dic 2014 - 05:28:59] DEBUG - END-ServiceMap:ritornaMappaChartInfo 
[SAMORADlogger] [02 dic 2014 - 05:28:59] DEBUG - START-BaseController:disableEnableChartButton 
[SAMORADlogger] [02 dic 2014 - 05:28:59] DEBUG - END-BaseController:disableEnableChartButton 
[SAMORADlogger] [02 dic 2014 - 05:28:59] DEBUG - END-BaseController:actionSetFromJsonToObjectInfoObjImpl 
[SAMORADlogger] [02 dic 2014 - 05:28:59] DEBUG - START-BaseController:chooseChart 
[SAMORADlogger] [02 dic 2014 - 05:28:59] DEBUG - START-BaseController:actionSetFromJsonToObjectInfoObjImpl 
[SAMORADlogger] [02 dic 2014 - 05:28:59] DEBUG - START-ServiceMap:ritornaMappaChartInfo 
[SAMORADlogger] [02 dic 2014 - 05:28:59] DEBUG - END-ServiceMap:ritornaMappaChartInfo 
[SAMORADlogger] [02 dic 2014 - 05:28:59] DEBUG - START-BaseController:disableEnableChartButton 
[SAMORADlogger] [02 dic 2014 - 05:28:59] DEBUG - END-BaseController:disableEnableChartButton 
[SAMORADlogger] [02 dic 2014 - 05:28:59] DEBUG - END-BaseController:actionSetFromJsonToObjectInfoObjImpl 
[SAMORADlogger] [02 dic 2014 - 05:28:59] DEBUG - END-BaseController:chooseChart 
[SAMORADlogger] [02 dic 2014 - 05:28:59] DEBUG - END-BaseController:init 
[SAMORADlogger] [02 dic 2014 - 05:28:59] DEBUG - END-MappaGeneraleController:init 
[SAMORADlogger] [02 dic 2014 - 05:29:03] DEBUG - START-MappaAllarmiController:init 
[SAMORADlogger] [02 dic 2014 - 05:29:03] DEBUG - START-BaseController:init 
[SAMORADlogger] [02 dic 2014 - 05:29:03] DEBUG - START-ServiceMap:ritornaMappa 
[SAMORADlogger] [02 dic 2014 - 05:29:04] DEBUG - END-ServiceMap:ritornaMappa 
[SAMORADlogger] [02 dic 2014 - 05:29:04] DEBUG - START-BaseController:actionSetFromJsonToObjectInfoObjImpl 
[SAMORADlogger] [02 dic 2014 - 05:29:04] DEBUG - START-ServiceMap:ritornaMappaChartInfo 
[SAMORADlogger] [02 dic 2014 - 05:29:04] DEBUG - END-ServiceMap:ritornaMappaChartInfo 
[SAMORADlogger] [02 dic 2014 - 05:29:04] DEBUG - START-BaseController:disableEnableChartButton 
[SAMORADlogger] [02 dic 2014 - 05:29:04] DEBUG - END-BaseController:disableEnableChartButton 
[SAMORADlogger] [02 dic 2014 - 05:29:04] DEBUG - END-BaseController:actionSetFromJsonToObjectInfoObjImpl 
[SAMORADlogger] [02 dic 2014 - 05:29:04] DEBUG - START-BaseController:chooseChart 
[SAMORADlogger] [02 dic 2014 - 05:29:04] DEBUG - START-BaseController:actionSetFromJsonToObjectInfoObjImpl 
[SAMORADlogger] [02 dic 2014 - 05:29:04] DEBUG - START-ServiceMap:ritornaMappaChartInfo 
[SAMORADlogger] [02 dic 2014 - 05:29:04] DEBUG - END-ServiceMap:ritornaMappaChartInfo 
[SAMORADlogger] [02 dic 2014 - 05:29:04] DEBUG - START-BaseController:disableEnableChartButton 
[SAMORADlogger] [02 dic 2014 - 05:29:04] DEBUG - END-BaseController:disableEnableChartButton 
[SAMORADlogger] [02 dic 2014 - 05:29:04] DEBUG - END-BaseController:actionSetFromJsonToObjectInfoObjImpl 
[SAMORADlogger] [02 dic 2014 - 05:29:04] DEBUG - END-BaseController:chooseChart 
[SAMORADlogger] [02 dic 2014 - 05:29:04] DEBUG - END-BaseController:init 
[SAMORADlogger] [02 dic 2014 - 05:29:04] DEBUG - END-MappaAllarmiController:init 
[SAMORADlogger] [02 dic 2014 - 05:29:14] DEBUG - START-BaseController:chooseChart 
[SAMORADlogger] [02 dic 2014 - 05:29:14] DEBUG - START-BaseController:actionSetFromJsonToObjectInfoObjImpl 
[SAMORADlogger] [02 dic 2014 - 05:29:14] DEBUG - START-ServiceMap:ritornaMappaChartInfo 
[SAMORADlogger] [02 dic 2014 - 05:29:14] DEBUG - END-ServiceMap:ritornaMappaChartInfo 
[SAMORADlogger] [02 dic 2014 - 05:29:14] DEBUG - START-BaseController:disableEnableChartButton 
[SAMORADlogger] [02 dic 2014 - 05:29:14] DEBUG - END-BaseController:disableEnableChartButton 
[SAMORADlogger] [02 dic 2014 - 05:29:14] DEBUG - END-BaseController:actionSetFromJsonToObjectInfoObjImpl 
[SAMORADlogger] [02 dic 2014 - 05:29:14] DEBUG - END-BaseController:chooseChart 
[SAMORADlogger] [02 dic 2014 - 05:29:19] DEBUG - START-BaseController:chooseChart 
[SAMORADlogger] [02 dic 2014 - 05:29:19] DEBUG - START-BaseController:actionSetFromJsonToObjectInfoObjImpl 
[SAMORADlogger] [02 dic 2014 - 05:29:19] DEBUG - START-ServiceMap:ritornaMappaChartInfo 
[SAMORADlogger] [02 dic 2014 - 05:29:19] DEBUG - END-ServiceMap:ritornaMappaChartInfo 
[SAMORADlogger] [02 dic 2014 - 05:29:19] DEBUG - START-BaseController:disableEnableChartButton 
[SAMORADlogger] [02 dic 2014 - 05:29:19] DEBUG - END-BaseController:disableEnableChartButton 
[SAMORADlogger] [02 dic 2014 - 05:29:19] DEBUG - END-BaseController:actionSetFromJsonToObjectInfoObjImpl 
[SAMORADlogger] [02 dic 2014 - 05:29:19] DEBUG - END-BaseController:chooseChart 
[SAMORADlogger] [02 dic 2014 - 05:29:26] DEBUG - START-MappaAllarmiController:updateSogliaAllarmi 
[SAMORADlogger] [02 dic 2014 - 05:29:26] DEBUG - START-ServiceMap:updateSogliaAllarmi 
[SAMORADlogger] [02 dic 2014 - 05:29:26] DEBUG - SOGLIA ALLARME: 0.05 
[SAMORADlogger] [02 dic 2014 - 05:29:26] DEBUG - END-ServiceMap:updateSogliaAllarmi 
[SAMORADlogger] [02 dic 2014 - 05:29:26] DEBUG - START-MappaAllarmiController:init 
[SAMORADlogger] [02 dic 2014 - 05:29:26] DEBUG - START-BaseController:init 
[SAMORADlogger] [02 dic 2014 - 05:29:26] DEBUG - START-ServiceMap:ritornaMappa 
[SAMORADlogger] [02 dic 2014 - 05:29:27] DEBUG - END-ServiceMap:ritornaMappa 
[SAMORADlogger] [02 dic 2014 - 05:29:27] DEBUG - START-BaseController:actionSetFromJsonToObjectInfoObjImpl 
[SAMORADlogger] [02 dic 2014 - 05:29:27] DEBUG - START-ServiceMap:ritornaMappaChartInfo 
[SAMORADlogger] [02 dic 2014 - 05:29:27] DEBUG - END-ServiceMap:ritornaMappaChartInfo 
[SAMORADlogger] [02 dic 2014 - 05:29:27] DEBUG - START-BaseController:disableEnableChartButton 
[SAMORADlogger] [02 dic 2014 - 05:29:27] DEBUG - END-BaseController:disableEnableChartButton 
[SAMORADlogger] [02 dic 2014 - 05:29:27] DEBUG - END-BaseController:actionSetFromJsonToObjectInfoObjImpl 
[SAMORADlogger] [02 dic 2014 - 05:29:27] DEBUG - START-BaseController:chooseChart 
[SAMORADlogger] [02 dic 2014 - 05:29:27] DEBUG - START-BaseController:actionSetFromJsonToObjectInfoObjImpl 
[SAMORADlogger] [02 dic 2014 - 05:29:27] DEBUG - START-ServiceMap:ritornaMappaChartInfo 
[SAMORADlogger] [02 dic 2014 - 05:29:27] DEBUG - END-ServiceMap:ritornaMappaChartInfo 
[SAMORADlogger] [02 dic 2014 - 05:29:27] DEBUG - START-BaseController:disableEnableChartButton 
[SAMORADlogger] [02 dic 2014 - 05:29:27] DEBUG - END-BaseController:disableEnableChartButton 
[SAMORADlogger] [02 dic 2014 - 05:29:27] DEBUG - END-BaseController:actionSetFromJsonToObjectInfoObjImpl 
[SAMORADlogger] [02 dic 2014 - 05:29:27] DEBUG - END-BaseController:chooseChart 
[SAMORADlogger] [02 dic 2014 - 05:29:27] DEBUG - END-BaseController:init 
[SAMORADlogger] [02 dic 2014 - 05:29:27] DEBUG - END-MappaAllarmiController:init 
[SAMORADlogger] [02 dic 2014 - 05:29:27] DEBUG - END-MappaAllarmiController:updateSogliaAllarmi 
[SAMORADlogger] [02 dic 2014 - 05:29:27] DEBUG - START-MappaAllarmiController:init 
[SAMORADlogger] [02 dic 2014 - 05:29:27] DEBUG - START-BaseController:init 
[SAMORADlogger] [02 dic 2014 - 05:29:27] DEBUG - START-ServiceMap:ritornaMappa 
[SAMORADlogger] [02 dic 2014 - 05:29:28] DEBUG - END-ServiceMap:ritornaMappa 
[SAMORADlogger] [02 dic 2014 - 05:29:28] DEBUG - START-BaseController:actionSetFromJsonToObjectInfoObjImpl 
[SAMORADlogger] [02 dic 2014 - 05:29:28] DEBUG - START-ServiceMap:ritornaMappaChartInfo 
[SAMORADlogger] [02 dic 2014 - 05:29:28] DEBUG - END-ServiceMap:ritornaMappaChartInfo 
[SAMORADlogger] [02 dic 2014 - 05:29:28] DEBUG - START-BaseController:disableEnableChartButton 
[SAMORADlogger] [02 dic 2014 - 05:29:28] DEBUG - END-BaseController:disableEnableChartButton 
[SAMORADlogger] [02 dic 2014 - 05:29:28] DEBUG - END-BaseController:actionSetFromJsonToObjectInfoObjImpl 
[SAMORADlogger] [02 dic 2014 - 05:29:28] DEBUG - START-BaseController:chooseChart 
[SAMORADlogger] [02 dic 2014 - 05:29:28] DEBUG - START-BaseController:actionSetFromJsonToObjectInfoObjImpl 
[SAMORADlogger] [02 dic 2014 - 05:29:28] DEBUG - START-ServiceMap:ritornaMappaChartInfo 
[SAMORADlogger] [02 dic 2014 - 05:29:28] DEBUG - END-ServiceMap:ritornaMappaChartInfo 
[SAMORADlogger] [02 dic 2014 - 05:29:28] DEBUG - START-BaseController:disableEnableChartButton 
[SAMORADlogger] [02 dic 2014 - 05:29:28] DEBUG - END-BaseController:disableEnableChartButton 
[SAMORADlogger] [02 dic 2014 - 05:29:28] DEBUG - END-BaseController:actionSetFromJsonToObjectInfoObjImpl 
[SAMORADlogger] [02 dic 2014 - 05:29:28] DEBUG - END-BaseController:chooseChart 
[SAMORADlogger] [02 dic 2014 - 05:29:28] DEBUG - END-BaseController:init 
[SAMORADlogger] [02 dic 2014 - 05:29:28] DEBUG - END-MappaAllarmiController:init 
[SAMORADlogger] [04 dic 2014 - 05:14:33] DEBUG - START-LoginPageController:init 
[SAMORADlogger] [04 dic 2014 - 05:14:33] DEBUG - END-LoginPageController:init 
